Base path: D:/Program Files/Unity/Editor/Data
Pipe name: \\.\pipe\UnityShaderCompiler-64bit-3-7072
Cmd: getPlatforms
Cmd: compileSnippet
  api=0 type=0 insize=977 outsize=11235 kw=DIRECTIONAL SHADOWS_OFF LIGHTMAP_OFF DIRLIGHTMAP_OFF DYNAMICLIGHTMAP_OFF VERTEXLIGHT_ON pd= ok=1
Cmd: compileSnippet
  api=0 type=1 insize=977 outsize=6 kw=DIRECTIONAL SHADOWS_OFF LIGHTMAP_OFF DIRLIGHTMAP_OFF DYNAMICLIGHTMAP_OFF pd= ok=1
Cmd: compileSnippet
  api=0 type=0 insize=934 outsize=6023 kw=POINT_COOKIE SHADOWS_OFF pd= ok=1
Cmd: compileSnippet
  api=0 type=0 insize=934 outsize=6836 kw=POINT_COOKIE SHADOWS_CUBE pd= ok=1
Cmd: compileSnippet
  api=0 type=0 insize=934 outsize=5899 kw=DIRECTIONAL SHADOWS_OFF FOG_EXP2 pd= ok=1
Cmd: compileSnippet
  api=0 type=0 insize=934 outsize=6341 kw=POINT_COOKIE SHADOWS_OFF FOG_EXP2 pd= ok=1
Cmd: compileSnippet
  api=0 type=0 insize=934 outsize=7021 kw=POINT SHADOWS_CUBE FOG_EXP2 pd= ok=1
Cmd: compileSnippet
  api=0 type=0 insize=934 outsize=8089 kw=POINT_COOKIE SHADOWS_CUBE SHADOWS_SOFT FOG_EXP2 pd= ok=1
Cmd: compileSnippet
  api=0 type=1 insize=934 outsize=6 kw=POINT_COOKIE SHADOWS_OFF pd= ok=1
Cmd: compileSnippet
  api=0 type=1 insize=934 outsize=6 kw=DIRECTIONAL SHADOWS_SCREEN pd= ok=1
Cmd: compileSnippet
  api=0 type=1 insize=934 outsize=6 kw=POINT SHADOWS_OFF FOG_EXP2 pd= ok=1
Cmd: compileSnippet
  api=0 type=1 insize=934 outsize=6 kw=DIRECTIONAL SHADOWS_SCREEN FOG_EXP2 pd= ok=1
Cmd: compileSnippet
  api=0 type=1 insize=934 outsize=6 kw=POINT SHADOWS_CUBE SHADOWS_SOFT FOG_EXP2 pd= ok=1
Cmd: compileSnippet
  api=0 type=0 insize=751 outsize=487 kw=SHADOWS_CUBE pd= ok=1
Cmd: compileSnippet
  api=0 type=0 insize=1148 outsize=4054 kw=LIGHTMAP_OFF DIRLIGHTMAP_OFF DYNAMICLIGHTMAP_OFF UNITY_HDR_ON pd= ok=1
Cmd: compileSnippet
  api=0 type=1 insize=1148 outsize=6 kw=LIGHTMAP_OFF DIRLIGHTMAP_SEPARATE DYNAMICLIGHTMAP_OFF pd= ok=1
Cmd: compileSnippet
  api=0 type=1 insize=1148 outsize=6 kw=LIGHTMAP_OFF DIRLIGHTMAP_SEPARATE DYNAMICLIGHTMAP_OFF UNITY_HDR_ON pd= ok=1
Cmd: compileSnippet
  api=0 type=0 insize=903 outsize=6700 kw=DIRECTIONAL SHADOWS_SCREEN LIGHTMAP_OFF DIRLIGHTMAP_OFF DYNAMICLIGHTMAP_OFF VERTEXLIGHT_ON pd= ok=1
Cmd: compileSnippet
  api=0 type=0 insize=903 outsize=7022 kw=DIRECTIONAL SHADOWS_SCREEN LIGHTMAP_OFF DIRLIGHTMAP_OFF DYNAMICLIGHTMAP_OFF FOG_EXP2 VERTEXLIGHT_ON pd= ok=1
Cmd: compileSnippet
  api=0 type=1 insize=903 outsize=6 kw=DIRECTIONAL SHADOWS_OFF LIGHTMAP_OFF DIRLIGHTMAP_OFF DYNAMICLIGHTMAP_OFF FOG_EXP2 pd= ok=1
Cmd: compileSnippet
  api=0 type=0 insize=812 outsize=4772 kw=POINT_COOKIE SHADOWS_OFF pd= ok=1
Cmd: compileSnippet
  api=0 type=0 insize=812 outsize=5234 kw=SPOT SHADOWS_DEPTH SHADOWS_NATIVE pd= ok=1
Cmd: compileSnippet
  api=0 type=0 insize=812 outsize=5522 kw=POINT_COOKIE SHADOWS_CUBE pd= ok=1
Cmd: compileSnippet
  api=0 type=0 insize=812 outsize=5108 kw=POINT_COOKIE SHADOWS_OFF FOG_EXP2 pd= ok=1
Cmd: compileSnippet
  api=0 type=0 insize=812 outsize=5412 kw=DIRECTIONAL_COOKIE SHADOWS_SCREEN FOG_EXP2 pd= ok=1
Cmd: compileSnippet
  api=0 type=1 insize=812 outsize=6 kw=SPOT SHADOWS_OFF pd= ok=1
Cmd: compileSnippet
  api=0 type=1 insize=812 outsize=6 kw=DIRECTIONAL_COOKIE SHADOWS_SCREEN pd= ok=1
Cmd: compileSnippet
  api=0 type=1 insize=812 outsize=6 kw=SPOT SHADOWS_OFF FOG_EXP2 pd= ok=1
Cmd: compileSnippet
  api=0 type=1 insize=812 outsize=6 kw=DIRECTIONAL_COOKIE SHADOWS_SCREEN FOG_EXP2 pd= ok=1
Cmd: compileSnippet
  api=0 type=0 insize=982 outsize=11377 kw=DIRECTIONAL SHADOWS_OFF LIGHTMAP_OFF DIRLIGHTMAP_OFF DYNAMICLIGHTMAP_OFF VERTEXLIGHT_ON pd= ok=1
Cmd: compileSnippet
  api=0 type=0 insize=982 outsize=10449 kw=DIRECTIONAL SHADOWS_OFF LIGHTMAP_OFF DIRLIGHTMAP_OFF DYNAMICLIGHTMAP_OFF FOG_EXP2 pd= ok=1
Cmd: compileSnippet
  api=0 type=0 insize=982 outsize=12174 kw=DIRECTIONAL SHADOWS_SCREEN LIGHTMAP_OFF DIRLIGHTMAP_OFF DYNAMICLIGHTMAP_OFF FOG_EXP2 VERTEXLIGHT_ON pd= ok=1
Cmd: compileSnippet
  api=0 type=1 insize=982 outsize=6 kw=DIRECTIONAL SHADOWS_SCREEN LIGHTMAP_OFF DIRLIGHTMAP_OFF DYNAMICLIGHTMAP_OFF pd= ok=1
Cmd: compileSnippet
  api=0 type=0 insize=938 outsize=6219 kw=POINT_COOKIE SHADOWS_OFF pd= ok=1
Cmd: compileSnippet
  api=0 type=0 insize=938 outsize=6479 kw=DIRECTIONAL_COOKIE SHADOWS_SCREEN pd= ok=1
Cmd: compileSnippet
  api=0 type=0 insize=938 outsize=7835 kw=POINT SHADOWS_CUBE SHADOWS_SOFT pd= ok=1
Cmd: compileSnippet
  api=0 type=0 insize=938 outsize=6620 kw=SPOT SHADOWS_OFF FOG_EXP2 pd= ok=1
Cmd: compileSnippet
  api=0 type=0 insize=938 outsize=7215 kw=POINT SHADOWS_CUBE FOG_EXP2 pd= ok=1
Cmd: compileSnippet
  api=0 type=0 insize=938 outsize=8288 kw=POINT_COOKIE SHADOWS_CUBE SHADOWS_SOFT FOG_EXP2 pd= ok=1
Cmd: compileSnippet
  api=0 type=1 insize=938 outsize=6 kw=SPOT SHADOWS_OFF pd= ok=1
Cmd: compileSnippet
  api=0 type=1 insize=938 outsize=6 kw=DIRECTIONAL_COOKIE SHADOWS_SCREEN pd= ok=1
Cmd: compileSnippet
  api=0 type=1 insize=938 outsize=6 kw=SPOT SHADOWS_DEPTH SHADOWS_SOFT SHADOWS_NATIVE pd= ok=1
Cmd: compileSnippet
  api=0 type=1 insize=938 outsize=6 kw=SPOT SHADOWS_OFF FOG_EXP2 pd= ok=1
Cmd: compileSnippet
  api=0 type=1 insize=938 outsize=6 kw=DIRECTIONAL SHADOWS_SCREEN FOG_EXP2 pd= ok=1
Cmd: compileSnippet
  api=0 type=1 insize=938 outsize=6 kw=SPOT SHADOWS_DEPTH SHADOWS_SOFT SHADOWS_NATIVE FOG_EXP2 pd= ok=1
Cmd: compileSnippet
  api=0 type=0 insize=1152 outsize=4206 kw=LIGHTMAP_OFF DIRLIGHTMAP_OFF DYNAMICLIGHTMAP_OFF UNITY_HDR_ON pd= ok=1
Cmd: compileSnippet
  api=0 type=1 insize=1152 outsize=6 kw=LIGHTMAP_OFF DIRLIGHTMAP_COMBINED DYNAMICLIGHTMAP_OFF pd= ok=1
Cmd: compileSnippet
  api=0 type=0 insize=886 outsize=5629 kw=DIRECTIONAL SHADOWS_SCREEN LIGHTMAP_OFF DIRLIGHTMAP_OFF DYNAMICLIGHTMAP_OFF pd= ok=1
Cmd: compileSnippet
  api=0 type=0 insize=886 outsize=7209 kw=DIRECTIONAL SHADOWS_SCREEN LIGHTMAP_OFF DIRLIGHTMAP_OFF DYNAMICLIGHTMAP_OFF FOG_EXP2 VERTEXLIGHT_ON pd= ok=1
Cmd: compileSnippet
  api=0 type=1 insize=886 outsize=6 kw=DIRECTIONAL SHADOWS_SCREEN LIGHTMAP_OFF DIRLIGHTMAP_OFF DYNAMICLIGHTMAP_OFF FOG_EXP2 pd= ok=1
Cmd: compileSnippet
  api=0 type=0 insize=816 outsize=4973 kw=POINT_COOKIE SHADOWS_OFF pd= ok=1
Cmd: compileSnippet
  api=0 type=0 insize=816 outsize=4838 kw=DIRECTIONAL_COOKIE SHADOWS_OFF pd= ok=1
Cmd: compileSnippet
  api=0 type=0 insize=816 outsize=5640 kw=POINT SHADOWS_CUBE pd= ok=1
Cmd: compileSnippet
  api=0 type=0 insize=816 outsize=5379 kw=SPOT SHADOWS_OFF FOG_EXP2 pd= ok=1
Cmd: compileSnippet
  api=0 type=0 insize=816 outsize=5375 kw=DIRECTIONAL SHADOWS_SCREEN FOG_EXP2 pd= ok=1
Cmd: compileSnippet
  api=0 type=1 insize=816 outsize=6 kw=DIRECTIONAL SHADOWS_OFF pd= ok=1
Cmd: compileSnippet
  api=0 type=1 insize=816 outsize=6 kw=SPOT SHADOWS_DEPTH SHADOWS_NATIVE pd= ok=1
Cmd: compileSnippet
  api=0 type=1 insize=816 outsize=6 kw=SPOT SHADOWS_OFF FOG_EXP2 pd= ok=1
Cmd: compileSnippet
  api=0 type=1 insize=816 outsize=6 kw=DIRECTIONAL SHADOWS_SCREEN FOG_EXP2 pd= ok=1
Cmd: compileSnippet
  api=0 type=1 insize=600 outsize=6 kw=SHADOWS_CUBE pd= ok=1
Cmd: compileSnippet
  api=0 type=0 insize=4652 outsize=3134 kw=FOG_EXP2 pd= ok=1
Cmd: compileSnippet
  api=0 type=1 insize=4652 outsize=6 kw=FOG_EXP2 pd= ok=1
Cmd: compileSnippet
  api=0 type=0 insize=797 outsize=843 kw=SHADOWS_CUBE pd= ok=1
Cmd: compileSnippet
  api=0 type=0 insize=13030 outsize=6436 kw=_SUNDISK_SIMPLE pd= ok=1
Cmd: compileSnippet
  api=0 type=0 insize=13030 outsize=6430 kw=UNITY_COLORSPACE_GAMMA _SUNDISK_HIGH_QUALITY pd= ok=1
Cmd: compileSnippet
  api=0 type=1 insize=13030 outsize=6 kw=_SUNDISK_SIMPLE pd= ok=1
Cmd: compileSnippet
  api=0 type=1 insize=13030 outsize=6 kw=UNITY_COLORSPACE_GAMMA _SUNDISK_HIGH_QUALITY pd= ok=1
Cmd: compileSnippet
  api=0 type=0 insize=7007 outsize=8462 kw=DIRECTIONAL SHADOWS_OFF LIGHTMAP_OFF DIRLIGHTMAP_OFF DYNAMICLIGHTMAP_OFF VERTEXLIGHT_ON pd= ok=1
Cmd: compileSnippet
  api=0 type=0 insize=7007 outsize=7626 kw=DIRECTIONAL SHADOWS_OFF LIGHTMAP_OFF DIRLIGHTMAP_OFF DYNAMICLIGHTMAP_OFF FOG_EXP2 pd= ok=1
Cmd: compileSnippet
  api=0 type=1 insize=7007 outsize=6 kw=DIRECTIONAL SHADOWS_SCREEN LIGHTMAP_OFF DIRLIGHTMAP_OFF DYNAMICLIGHTMAP_OFF pd= ok=1
Cmd: compileSnippet
  api=0 type=0 insize=7010 outsize=9046 kw=DIRECTIONAL SHADOWS_SCREEN LIGHTMAP_OFF DIRLIGHTMAP_OFF DYNAMICLIGHTMAP_OFF VERTEXLIGHT_ON pd= ok=1
Cmd: compileSnippet
  api=0 type=0 insize=7010 outsize=7676 kw=DIRECTIONAL SHADOWS_OFF LIGHTMAP_OFF DIRLIGHTMAP_OFF DYNAMICLIGHTMAP_OFF FOG_EXP2 pd= ok=1
Cmd: compileSnippet
  api=0 type=1 insize=7010 outsize=6 kw=DIRECTIONAL SHADOWS_OFF LIGHTMAP_OFF DIRLIGHTMAP_OFF DYNAMICLIGHTMAP_OFF FOG_EXP2 pd= ok=1
Cmd: compileSnippet
  api=0 type=0 insize=455008 outsize=11135 kw=DIRECTIONAL SHADOWS_SCREEN LIGHTMAP_OFF DIRLIGHTMAP_OFF DYNAMICLIGHTMAP_OFF VERTEXLIGHT_ON GEOM_TYPE_BRANCH pd= ok=1
Cmd: compileSnippet
  api=0 type=0 insize=455008 outsize=11009 kw=DIRECTIONAL SHADOWS_OFF LIGHTMAP_OFF DIRLIGHTMAP_OFF DYNAMICLIGHTMAP_OFF FOG_EXP2 VERTEXLIGHT_ON GEOM_TYPE_BRANCH pd= ok=1
Cmd: compileSnippet
  api=0 type=0 insize=455008 outsize=11242 kw=DIRECTIONAL SHADOWS_SCREEN LIGHTMAP_OFF DIRLIGHTMAP_OFF DYNAMICLIGHTMAP_OFF VERTEXLIGHT_ON LOD_FADE_PERCENTAGE GEOM_TYPE_BRANCH pd= ok=1
Cmd: compileSnippet
  api=0 type=0 insize=455008 outsize=11547 kw=DIRECTIONAL SHADOWS_SCREEN LIGHTMAP_OFF DIRLIGHTMAP_OFF DYNAMICLIGHTMAP_OFF FOG_EXP2 VERTEXLIGHT_ON LOD_FADE_PERCENTAGE GEOM_TYPE_BRANCH pd= ok=1
Cmd: compileSnippet
  api=0 type=0 insize=455008 outsize=11082 kw=DIRECTIONAL SHADOWS_SCREEN LIGHTMAP_OFF DIRLIGHTMAP_OFF DYNAMICLIGHTMAP_OFF FOG_EXP2 LOD_FADE_CROSSFADE GEOM_TYPE_BRANCH pd= ok=1
Cmd: compileSnippet
  api=0 type=0 insize=455008 outsize=12319 kw=DIRECTIONAL SHADOWS_SCREEN LIGHTMAP_OFF DIRLIGHTMAP_OFF DYNAMICLIGHTMAP_OFF FOG_EXP2 VERTEXLIGHT_ON LOD_FADE_CROSSFADE GEOM_TYPE_BRANCH pd= ok=1
Cmd: compileSnippet
  api=0 type=1 insize=455008 outsize=6 kw=DIRECTIONAL SHADOWS_SCREEN LIGHTMAP_OFF DIRLIGHTMAP_OFF DYNAMICLIGHTMAP_OFF FOG_EXP2 GEOM_TYPE_BRANCH pd= ok=1
Cmd: compileSnippet
  api=0 type=1 insize=455008 outsize=6 kw=DIRECTIONAL SHADOWS_OFF LIGHTMAP_OFF DIRLIGHTMAP_OFF DYNAMICLIGHTMAP_OFF FOG_EXP2 LOD_FADE_PERCENTAGE GEOM_TYPE_BRANCH pd= ok=1
Cmd: compileSnippet
  api=0 type=1 insize=455008 outsize=6 kw=DIRECTIONAL SHADOWS_SCREEN LIGHTMAP_OFF DIRLIGHTMAP_OFF DYNAMICLIGHTMAP_OFF LOD_FADE_CROSSFADE GEOM_TYPE_BRANCH pd= ok=1
Cmd: compileSnippet
  api=0 type=0 insize=291968 outsize=8957 kw=POINT_COOKIE GEOM_TYPE_BRANCH pd= ok=1
Cmd: compileSnippet
  api=0 type=0 insize=291968 outsize=9122 kw=POINT FOG_EXP2 GEOM_TYPE_BRANCH pd= ok=1
Cmd: compileSnippet
  api=0 type=0 insize=291968 outsize=9022 kw=DIRECTIONAL_COOKIE FOG_EXP2 GEOM_TYPE_BRANCH pd= ok=1
Cmd: compileSnippet
  api=0 type=0 insize=291968 outsize=9064 kw=POINT_COOKIE LOD_FADE_PERCENTAGE GEOM_TYPE_BRANCH pd= ok=1
Cmd: compileSnippet
  api=0 type=0 insize=291968 outsize=9368 kw=SPOT FOG_EXP2 LOD_FADE_PERCENTAGE GEOM_TYPE_BRANCH pd= ok=1
Cmd: compileSnippet
  api=0 type=0 insize=291968 outsize=9445 kw=DIRECTIONAL LOD_FADE_CROSSFADE GEOM_TYPE_BRANCH pd= ok=1
Cmd: compileSnippet
  api=0 type=0 insize=291968 outsize=10024 kw=POINT FOG_EXP2 LOD_FADE_CROSSFADE GEOM_TYPE_BRANCH pd= ok=1
Cmd: compileSnippet
  api=0 type=0 insize=291968 outsize=9924 kw=DIRECTIONAL_COOKIE FOG_EXP2 LOD_FADE_CROSSFADE GEOM_TYPE_BRANCH pd= ok=1
Cmd: compileSnippet
  api=0 type=1 insize=291968 outsize=6 kw=POINT_COOKIE GEOM_TYPE_BRANCH pd= ok=1
Cmd: compileSnippet
  api=0 type=1 insize=291968 outsize=6 kw=SPOT LOD_FADE_PERCENTAGE GEOM_TYPE_BRANCH pd= ok=1
Cmd: compileSnippet
  api=0 type=1 insize=291968 outsize=6 kw=DIRECTIONAL_COOKIE FOG_EXP2 LOD_FADE_PERCENTAGE GEOM_TYPE_BRANCH pd= ok=1
Cmd: compileSnippet
  api=0 type=1 insize=291968 outsize=6 kw=POINT_COOKIE LOD_FADE_CROSSFADE GEOM_TYPE_BRANCH pd= ok=1
Cmd: compileSnippet
  api=0 type=1 insize=291968 outsize=6 kw=SPOT FOG_EXP2 LOD_FADE_CROSSFADE GEOM_TYPE_BRANCH pd= ok=1
Cmd: compileSnippet
  api=0 type=0 insize=255213 outsize=9044 kw=LOD_FADE_CROSSFADE GEOM_TYPE_BRANCH pd= ok=1
Cmd: compileSnippet
  api=0 type=0 insize=393346 outsize=9775 kw=LIGHTMAP_OFF DIRLIGHTMAP_OFF DYNAMICLIGHTMAP_OFF HDR_LIGHT_PREPASS_OFF GEOM_TYPE_BRANCH pd= ok=1
Cmd: compileSnippet
  api=0 type=0 insize=393346 outsize=9881 kw=LIGHTMAP_OFF DIRLIGHTMAP_OFF DYNAMICLIGHTMAP_OFF LOD_FADE_PERCENTAGE HDR_LIGHT_PREPASS_OFF GEOM_TYPE_BRANCH pd= ok=1
Cmd: compileSnippet
  api=0 type=0 insize=393346 outsize=10681 kw=LIGHTMAP_OFF DIRLIGHTMAP_OFF DYNAMICLIGHTMAP_OFF UNITY_HDR_ON LOD_FADE_CROSSFADE GEOM_TYPE_BRANCH pd= ok=1
Cmd: compileSnippet
  api=0 type=1 insize=393346 outsize=6 kw=LIGHTMAP_OFF DIRLIGHTMAP_OFF DYNAMICLIGHTMAP_OFF FOG_EXP2 HDR_LIGHT_PREPASS_OFF GEOM_TYPE_BRANCH pd= ok=1
Cmd: compileSnippet
  api=0 type=1 insize=393346 outsize=6 kw=LIGHTMAP_OFF DIRLIGHTMAP_OFF DYNAMICLIGHTMAP_OFF LOD_FADE_PERCENTAGE HDR_LIGHT_PREPASS_OFF GEOM_TYPE_BRANCH pd= ok=1
Cmd: compileSnippet
  api=0 type=1 insize=393346 outsize=6 kw=LIGHTMAP_OFF DIRLIGHTMAP_OFF DYNAMICLIGHTMAP_OFF FOG_EXP2 UNITY_HDR_ON LOD_FADE_PERCENTAGE GEOM_TYPE_BRANCH pd= ok=1
Cmd: compileSnippet
  api=0 type=1 insize=393346 outsize=6 kw=LIGHTMAP_OFF DIRLIGHTMAP_OFF DYNAMICLIGHTMAP_OFF FOG_EXP2 UNITY_HDR_ON LOD_FADE_CROSSFADE GEOM_TYPE_BRANCH pd= ok=1
Cmd: compileSnippet
  api=0 type=0 insize=424632 outsize=9699 kw=LIGHTMAP_OFF DIRLIGHTMAP_OFF DYNAMICLIGHTMAP_OFF UNITY_HDR_ON LOD_FADE_PERCENTAGE GEOM_TYPE_BRANCH pd= ok=1
Cmd: compileSnippet
  api=0 type=0 insize=424632 outsize=10498 kw=LIGHTMAP_OFF DIRLIGHTMAP_OFF DYNAMICLIGHTMAP_OFF UNITY_HDR_ON LOD_FADE_CROSSFADE GEOM_TYPE_BRANCH pd= ok=1
Cmd: compileSnippet
  api=0 type=1 insize=424632 outsize=6 kw=LIGHTMAP_OFF DIRLIGHTMAP_OFF DYNAMICLIGHTMAP_OFF HDR_LIGHT_PREPASS_OFF GEOM_TYPE_BRANCH pd= ok=1
Cmd: compileSnippet
  api=0 type=0 insize=1274 outsize=7445 kw=SHADOWS_CUBE LOD_FADE_PERCENTAGE GEOM_TYPE_BRANCH pd= ok=1
Cmd: compileSnippet
  api=0 type=1 insize=1274 outsize=6 kw=SHADOWS_DEPTH GEOM_TYPE_BRANCH pd= ok=1
Cmd: compileSnippet
  api=0 type=1 insize=1274 outsize=6 kw=SHADOWS_DEPTH LOD_FADE_CROSSFADE GEOM_TYPE_BRANCH pd= ok=1
Cmd: compileSnippet
  api=0 type=0 insize=1222 outsize=11121 kw=FOG_EXP2 LOD_FADE_PERCENTAGE GEOM_TYPE_BRANCH pd= ok=1
Cmd: compileSnippet
  api=0 type=1 insize=1222 outsize=6 kw=LOD_FADE_PERCENTAGE GEOM_TYPE_BRANCH pd= ok=1
Cmd: compileSnippet
  api=0 type=0 insize=71117 outsize=3779 kw=DIRECTIONAL SHADOWS_OFF LIGHTMAP_OFF DIRLIGHTMAP_OFF DYNAMICLIGHTMAP_OFF VERTEXLIGHT_ON GEOM_TYPE_BRANCH pd= ok=1
Cmd: compileSnippet
  api=0 type=0 insize=71117 outsize=2884 kw=DIRECTIONAL SHADOWS_OFF LIGHTMAP_OFF DIRLIGHTMAP_OFF DYNAMICLIGHTMAP_OFF FOG_EXP2 GEOM_TYPE_BRANCH pd= ok=1
Cmd: compileSnippet
  api=0 type=0 insize=71117 outsize=2694 kw=DIRECTIONAL SHADOWS_OFF LIGHTMAP_OFF DIRLIGHTMAP_OFF DYNAMICLIGHTMAP_OFF LOD_FADE_PERCENTAGE GEOM_TYPE_BRANCH pd= ok=1
Cmd: compileSnippet
  api=0 type=0 insize=71117 outsize=4412 kw=DIRECTIONAL SHADOWS_SCREEN LIGHTMAP_OFF DIRLIGHTMAP_OFF DYNAMICLIGHTMAP_OFF VERTEXLIGHT_ON LOD_FADE_PERCENTAGE GEOM_TYPE_BRANCH pd= ok=1
Cmd: compileSnippet
  api=0 type=0 insize=71117 outsize=4713 kw=DIRECTIONAL SHADOWS_SCREEN LIGHTMAP_OFF DIRLIGHTMAP_OFF DYNAMICLIGHTMAP_OFF FOG_EXP2 VERTEXLIGHT_ON LOD_FADE_PERCENTAGE GEOM_TYPE_BRANCH pd= ok=1
Cmd: compileSnippet
  api=0 type=1 insize=71117 outsize=6 kw=DIRECTIONAL SHADOWS_OFF LIGHTMAP_OFF DIRLIGHTMAP_OFF DYNAMICLIGHTMAP_OFF GEOM_TYPE_BRANCH pd= ok=1
Cmd: compileSnippet
  api=0 type=1 insize=71117 outsize=6 kw=DIRECTIONAL SHADOWS_OFF LIGHTMAP_OFF DIRLIGHTMAP_OFF DYNAMICLIGHTMAP_OFF FOG_EXP2 LOD_FADE_PERCENTAGE GEOM_TYPE_BRANCH pd= ok=1
Cmd: compileSnippet
  api=0 type=0 insize=41386 outsize=2017 kw=POINT GEOM_TYPE_BRANCH pd= ok=1
Cmd: compileSnippet
  api=0 type=0 insize=41386 outsize=2252 kw=POINT FOG_EXP2 GEOM_TYPE_BRANCH pd= ok=1
Cmd: compileSnippet
  api=0 type=0 insize=41386 outsize=2152 kw=DIRECTIONAL_COOKIE FOG_EXP2 GEOM_TYPE_BRANCH pd= ok=1
Cmd: compileSnippet
  api=0 type=0 insize=41386 outsize=2307 kw=SPOT LOD_FADE_PERCENTAGE GEOM_TYPE_BRANCH pd= ok=1
Cmd: compileSnippet
  api=0 type=0 insize=41386 outsize=2403 kw=POINT FOG_EXP2 LOD_FADE_PERCENTAGE GEOM_TYPE_BRANCH pd= ok=1
Cmd: compileSnippet
  api=0 type=0 insize=41386 outsize=2486 kw=POINT_COOKIE FOG_EXP2 LOD_FADE_PERCENTAGE GEOM_TYPE_BRANCH pd= ok=1
Cmd: compileSnippet
  api=0 type=1 insize=41386 outsize=6 kw=DIRECTIONAL GEOM_TYPE_BRANCH pd= ok=1
Cmd: compileSnippet
  api=0 type=1 insize=41386 outsize=6 kw=POINT FOG_EXP2 GEOM_TYPE_BRANCH pd= ok=1
Cmd: compileSnippet
  api=0 type=1 insize=41386 outsize=6 kw=POINT_COOKIE FOG_EXP2 GEOM_TYPE_BRANCH pd= ok=1
Cmd: compileSnippet
  api=0 type=1 insize=41386 outsize=6 kw=SPOT LOD_FADE_PERCENTAGE GEOM_TYPE_BRANCH pd= ok=1
Cmd: compileSnippet
  api=0 type=1 insize=41386 outsize=6 kw=DIRECTIONAL FOG_EXP2 LOD_FADE_PERCENTAGE GEOM_TYPE_BRANCH pd= ok=1
Cmd: compileSnippet
  api=0 type=0 insize=35171 outsize=1436 kw=LOD_FADE_PERCENTAGE GEOM_TYPE_BRANCH pd= ok=1
Cmd: compileSnippet
  api=0 type=0 insize=61074 outsize=2900 kw=LIGHTMAP_OFF DIRLIGHTMAP_OFF DYNAMICLIGHTMAP_OFF HDR_LIGHT_PREPASS_OFF GEOM_TYPE_BRANCH pd= ok=1
Cmd: compileSnippet
  api=0 type=0 insize=61074 outsize=3358 kw=LIGHTMAP_OFF DIRLIGHTMAP_OFF DYNAMICLIGHTMAP_OFF FOG_EXP2 LOD_FADE_PERCENTAGE HDR_LIGHT_PREPASS_OFF GEOM_TYPE_BRANCH pd= ok=1
Cmd: compileSnippet
  api=0 type=1 insize=61074 outsize=6 kw=LIGHTMAP_OFF DIRLIGHTMAP_OFF DYNAMICLIGHTMAP_OFF HDR_LIGHT_PREPASS_OFF GEOM_TYPE_BRANCH pd= ok=1
Cmd: compileSnippet
  api=0 type=1 insize=61074 outsize=6 kw=LIGHTMAP_OFF DIRLIGHTMAP_OFF DYNAMICLIGHTMAP_OFF LOD_FADE_PERCENTAGE HDR_LIGHT_PREPASS_OFF GEOM_TYPE_BRANCH pd= ok=1
Cmd: compileSnippet
  api=0 type=0 insize=62838 outsize=2814 kw=LIGHTMAP_OFF DIRLIGHTMAP_OFF DYNAMICLIGHTMAP_OFF HDR_LIGHT_PREPASS_OFF GEOM_TYPE_BRANCH pd= ok=1
Cmd: compileSnippet
  api=0 type=1 insize=62838 outsize=6 kw=LIGHTMAP_OFF DIRLIGHTMAP_OFF DYNAMICLIGHTMAP_OFF HDR_LIGHT_PREPASS_OFF GEOM_TYPE_BRANCH pd= ok=1
Cmd: compileSnippet
  api=0 type=0 insize=1078 outsize=1973 kw=SHADOWS_DEPTH GEOM_TYPE_BRANCH pd= ok=1
Cmd: compileSnippet
  api=0 type=1 insize=1078 outsize=6 kw=SHADOWS_CUBE GEOM_TYPE_BRANCH pd= ok=1
Cmd: compileSnippet
  api=0 type=0 insize=1111 outsize=2159 kw=GEOM_TYPE_BRANCH pd= ok=1
Cmd: compileSnippet
  api=0 type=1 insize=1111 outsize=6 kw=GEOM_TYPE_BRANCH pd= ok=1
Cmd: compileSnippet
  api=0 type=0 insize=4597 outsize=2600 kw= pd= ok=1
Cmd: compileSnippet
  api=0 type=0 insize=4597 outsize=3515 kw=POINT FOG_EXP2 pd= ok=1
Cmd: compileSnippet
  api=0 type=1 insize=4597 outsize=6 kw= pd= ok=1
Cmd: compileSnippet
  api=0 type=1 insize=4597 outsize=6 kw=POINT FOG_EXP2 pd= ok=1
Cmd: compileSnippet
  api=0 type=0 insize=1807 outsize=952 kw= pd= ok=1
Cmd: compileSnippet
  api=0 type=1 insize=1807 outsize=6 kw= pd= ok=1
Cmd: compileSnippet
  api=0 type=1 insize=2082 outsize=6 kw= pd= ok=1
Cmd: compileSnippet
  api=0 type=1 insize=541 outsize=6 kw=SHADOWS_DEPTH pd= ok=1
Cmd: compileSnippet
  api=0 type=0 insize=6924 outsize=4012 kw=DIRECTIONAL SHADOWS_SCREEN LIGHTMAP_OFF DIRLIGHTMAP_OFF DYNAMICLIGHTMAP_OFF VERTEXLIGHT_ON pd= ok=1
Cmd: compileSnippet
  api=0 type=0 insize=6924 outsize=3882 kw=DIRECTIONAL SHADOWS_OFF LIGHTMAP_OFF DIRLIGHTMAP_OFF DYNAMICLIGHTMAP_OFF FOG_EXP2 VERTEXLIGHT_ON pd= ok=1
Cmd: compileSnippet
  api=0 type=1 insize=6924 outsize=6 kw=DIRECTIONAL SHADOWS_OFF LIGHTMAP_OFF DIRLIGHTMAP_OFF DYNAMICLIGHTMAP_OFF pd= ok=1
Cmd: compileSnippet
  api=0 type=0 insize=3695 outsize=1820 kw=POINT pd= ok=1
Cmd: compileSnippet
  api=0 type=0 insize=3695 outsize=2055 kw=POINT FOG_EXP2 pd= ok=1
Cmd: compileSnippet
  api=0 type=0 insize=3695 outsize=1955 kw=DIRECTIONAL_COOKIE FOG_EXP2 pd= ok=1
Cmd: compileSnippet
  api=0 type=1 insize=3695 outsize=6 kw=POINT_COOKIE pd= ok=1
Cmd: compileSnippet
  api=0 type=1 insize=3695 outsize=6 kw=SPOT FOG_EXP2 pd= ok=1
Cmd: compileSnippet
  api=0 type=1 insize=2902 outsize=6 kw= pd= ok=1
Cmd: compileSnippet
  api=0 type=0 insize=5962 outsize=2724 kw=LIGHTMAP_OFF DIRLIGHTMAP_OFF DYNAMICLIGHTMAP_OFF UNITY_HDR_ON pd= ok=1
Cmd: compileSnippet
  api=0 type=1 insize=5962 outsize=6 kw=LIGHTMAP_OFF DIRLIGHTMAP_OFF DYNAMICLIGHTMAP_OFF HDR_LIGHT_PREPASS_OFF pd= ok=1
Cmd: compileSnippet
  api=0 type=0 insize=6026 outsize=2645 kw=LIGHTMAP_OFF DIRLIGHTMAP_OFF DYNAMICLIGHTMAP_OFF HDR_LIGHT_PREPASS_OFF pd= ok=1
Cmd: compileSnippet
  api=0 type=0 insize=1275 outsize=2533 kw=DIRECTIONAL SHADOWS_OFF pd= ok=1
Cmd: compileSnippet
  api=0 type=0 insize=1275 outsize=3064 kw=DIRECTIONAL_COOKIE SHADOWS_SCREEN pd= ok=1
Cmd: compileSnippet
  api=0 type=0 insize=1275 outsize=3486 kw=POINT_COOKIE SHADOWS_CUBE pd= ok=1
Cmd: compileSnippet
  api=0 type=0 insize=1275 outsize=4413 kw=POINT_COOKIE SHADOWS_CUBE SHADOWS_SOFT pd= ok=1
Cmd: compileSnippet
  api=0 type=1 insize=1275 outsize=6 kw=DIRECTIONAL SHADOWS_OFF pd= ok=1
Cmd: compileSnippet
  api=0 type=1 insize=1275 outsize=6 kw=SPOT SHADOWS_DEPTH SHADOWS_NATIVE pd= ok=1
Cmd: compileSnippet
  api=0 type=1 insize=1275 outsize=6 kw=SPOT SHADOWS_DEPTH SHADOWS_SOFT SHADOWS_NATIVE pd= ok=1
Cmd: compileSnippet
  api=0 type=0 insize=1268 outsize=3054 kw=SPOT SHADOWS_OFF pd= ok=1
Cmd: compileSnippet
  api=0 type=0 insize=1268 outsize=3055 kw=DIRECTIONAL_COOKIE SHADOWS_SCREEN pd= ok=1
Cmd: compileSnippet
  api=0 type=0 insize=1268 outsize=4184 kw=POINT SHADOWS_CUBE SHADOWS_SOFT pd= ok=1
Cmd: compileSnippet
  api=0 type=1 insize=1268 outsize=6 kw=POINT_COOKIE SHADOWS_OFF pd= ok=1
Cmd: compileSnippet
  api=0 type=1 insize=1268 outsize=6 kw=SPOT SHADOWS_DEPTH SHADOWS_NATIVE pd= ok=1
Cmd: compileSnippet
  api=0 type=1 insize=1268 outsize=6 kw=POINT SHADOWS_CUBE pd= ok=1
Cmd: compileSnippet
  api=0 type=1 insize=1268 outsize=6 kw=POINT SHADOWS_CUBE SHADOWS_SOFT pd= ok=1
Cmd: compileSnippet
  api=0 type=0 insize=1273 outsize=2529 kw=DIRECTIONAL SHADOWS_OFF pd= ok=1
Cmd: compileSnippet
  api=0 type=0 insize=1273 outsize=3060 kw=DIRECTIONAL_COOKIE SHADOWS_SCREEN pd= ok=1
Cmd: compileSnippet
  api=0 type=0 insize=1273 outsize=4074 kw=SPOT SHADOWS_DEPTH SHADOWS_SOFT SHADOWS_NATIVE pd= ok=1
Cmd: compileSnippet
  api=0 type=0 insize=1273 outsize=4409 kw=POINT_COOKIE SHADOWS_CUBE SHADOWS_SOFT pd= ok=1
Cmd: compileSnippet
  api=0 type=1 insize=1273 outsize=6 kw=SPOT SHADOWS_OFF pd= ok=1
Cmd: compileSnippet
  api=0 type=1 insize=1273 outsize=6 kw=DIRECTIONAL_COOKIE SHADOWS_SCREEN pd= ok=1
Cmd: compileSnippet
  api=0 type=0 insize=1934 outsize=4060 kw=POINT_COOKIE SHADOWS_OFF pd= ok=1
Cmd: compileSnippet
  api=0 type=0 insize=1934 outsize=4104 kw=DIRECTIONAL SHADOWS_SCREEN pd= ok=1
Cmd: compileSnippet
  api=0 type=0 insize=1934 outsize=4358 kw=POINT SHADOWS_CUBE pd= ok=1
Cmd: compileSnippet
  api=0 type=0 insize=1934 outsize=5279 kw=POINT SHADOWS_CUBE SHADOWS_SOFT pd= ok=1
Cmd: compileSnippet
  api=0 type=0 insize=1934 outsize=4175 kw=SPOT SHADOWS_OFF UNITY_HDR_ON pd= ok=1
Cmd: compileSnippet
  api=0 type=0 insize=1934 outsize=4095 kw=DIRECTIONAL SHADOWS_SCREEN UNITY_HDR_ON pd= ok=1
Cmd: compileSnippet
  api=0 type=0 insize=1934 outsize=4349 kw=POINT SHADOWS_CUBE UNITY_HDR_ON pd= ok=1
Cmd: compileSnippet
  api=0 type=0 insize=1934 outsize=5490 kw=POINT_COOKIE SHADOWS_CUBE SHADOWS_SOFT UNITY_HDR_ON pd= ok=1
Cmd: compileSnippet
  api=0 type=1 insize=1934 outsize=6 kw=POINT_COOKIE SHADOWS_OFF pd= ok=1
Cmd: compileSnippet
  api=0 type=1 insize=1934 outsize=6 kw=SPOT SHADOWS_DEPTH SHADOWS_NATIVE pd= ok=1
Cmd: compileSnippet
  api=0 type=1 insize=1934 outsize=6 kw=SPOT SHADOWS_DEPTH SHADOWS_SOFT SHADOWS_NATIVE pd= ok=1
Cmd: compileSnippet
  api=0 type=1 insize=1934 outsize=6 kw=POINT SHADOWS_OFF UNITY_HDR_ON pd= ok=1
Cmd: compileSnippet
  api=0 type=1 insize=1934 outsize=6 kw=DIRECTIONAL_COOKIE SHADOWS_OFF UNITY_HDR_ON pd= ok=1
Cmd: compileSnippet
  api=0 type=1 insize=1934 outsize=6 kw=POINT SHADOWS_CUBE UNITY_HDR_ON pd= ok=1
Cmd: compileSnippet
  api=0 type=1 insize=1934 outsize=6 kw=SPOT SHADOWS_DEPTH SHADOWS_SOFT SHADOWS_NATIVE UNITY_HDR_ON pd= ok=1
Cmd: compileSnippet
  api=0 type=0 insize=823 outsize=659 kw= pd= ok=1
Cmd: compileSnippet
  api=0 type=1 insize=701 outsize=6 kw= pd= ok=1
Cmd: compileSnippet
  api=0 type=0 insize=1032 outsize=801 kw= pd= ok=1
Cmd: compileSnippet
  api=4 type=0 insize=977 outsize=4337 kw=DIRECTIONAL SHADOWS_SCREEN LIGHTMAP_OFF DIRLIGHTMAP_OFF DYNAMICLIGHTMAP_OFF pd= ok=1
Cmd: compileSnippet
  api=1 type=0 insize=977 outsize=1485 kw=DIRECTIONAL SHADOWS_SCREEN LIGHTMAP_OFF DIRLIGHTMAP_OFF DYNAMICLIGHTMAP_OFF VERTEXLIGHT_ON pd= ok=1
Cmd: compileSnippet
  api=1 type=0 insize=977 outsize=1519 kw=DIRECTIONAL SHADOWS_SCREEN LIGHTMAP_OFF DIRLIGHTMAP_OFF DYNAMICLIGHTMAP_OFF FOG_EXP2 VERTEXLIGHT_ON pd= ok=1
Cmd: compileSnippet
  api=4 type=1 insize=977 outsize=10813 kw=DIRECTIONAL SHADOWS_SCREEN LIGHTMAP_OFF DIRLIGHTMAP_OFF DYNAMICLIGHTMAP_OFF pd= ok=1
Cmd: compileSnippet
  api=4 type=0 insize=934 outsize=4792 kw=POINT SHADOWS_OFF pd= ok=1
Cmd: compileSnippet
  api=1 type=0 insize=934 outsize=1027 kw=SPOT SHADOWS_DEPTH SHADOWS_NATIVE pd= ok=1
Cmd: compileSnippet
  api=1 type=0 insize=934 outsize=999 kw=DIRECTIONAL SHADOWS_SCREEN pd= ok=1
Cmd: compileSnippet
  api=1 type=0 insize=934 outsize=1073 kw=DIRECTIONAL_COOKIE SHADOWS_SCREEN pd= ok=1
Cmd: compileSnippet
  api=4 type=0 insize=934 outsize=4938 kw=POINT SHADOWS_CUBE pd= ok=1
Cmd: compileSnippet
  api=4 type=0 insize=934 outsize=5206 kw=SPOT SHADOWS_DEPTH SHADOWS_SOFT SHADOWS_NATIVE pd= ok=1
Cmd: compileSnippet
  api=1 type=0 insize=934 outsize=965 kw=POINT_COOKIE SHADOWS_CUBE SHADOWS_SOFT pd= ok=1
Cmd: compileSnippet
  api=4 type=0 insize=934 outsize=4946 kw=POINT SHADOWS_OFF FOG_EXP2 pd= ok=1
Cmd: compileSnippet
  api=4 type=0 insize=934 outsize=4946 kw=SPOT SHADOWS_OFF FOG_EXP2 pd= ok=1
Cmd: compileSnippet
  api=1 type=0 insize=934 outsize=1076 kw=SPOT SHADOWS_DEPTH SHADOWS_NATIVE FOG_EXP2 pd= ok=1
Cmd: compileSnippet
  api=4 type=0 insize=934 outsize=4573 kw=DIRECTIONAL SHADOWS_SCREEN FOG_EXP2 pd= ok=1
Cmd: compileSnippet
  api=1 type=0 insize=934 outsize=1014 kw=POINT_COOKIE SHADOWS_CUBE FOG_EXP2 pd= ok=1
Cmd: compileSnippet
  api=4 type=0 insize=934 outsize=5361 kw=SPOT SHADOWS_DEPTH SHADOWS_SOFT SHADOWS_NATIVE FOG_EXP2 pd= ok=1
Cmd: compileSnippet
  api=4 type=0 insize=934 outsize=5093 kw=POINT SHADOWS_CUBE SHADOWS_SOFT FOG_EXP2 pd= ok=1
Cmd: compileSnippet
  api=1 type=1 insize=934 outsize=2277 kw=SPOT SHADOWS_OFF pd= ok=1
Cmd: compileSnippet
  api=4 type=1 insize=934 outsize=6076 kw=POINT_COOKIE SHADOWS_OFF pd= ok=1
Cmd: compileSnippet
  api=4 type=1 insize=934 outsize=5710 kw=DIRECTIONAL SHADOWS_SCREEN pd= ok=1
Cmd: compileSnippet
  api=4 type=1 insize=934 outsize=5970 kw=DIRECTIONAL_COOKIE SHADOWS_SCREEN pd= ok=1
Cmd: compileSnippet
  api=1 type=1 insize=934 outsize=2349 kw=POINT_COOKIE SHADOWS_CUBE pd= ok=1
Cmd: compileSnippet
  api=4 type=1 insize=934 outsize=7416 kw=POINT SHADOWS_CUBE SHADOWS_SOFT pd= ok=1
Cmd: compileSnippet
  api=4 type=1 insize=934 outsize=5734 kw=DIRECTIONAL SHADOWS_OFF FOG_EXP2 pd= ok=1
Cmd: compileSnippet
  api=4 type=1 insize=934 outsize=6718 kw=SPOT SHADOWS_OFF FOG_EXP2 pd= ok=1
Cmd: compileSnippet
  api=4 type=1 insize=934 outsize=6409 kw=POINT_COOKIE SHADOWS_OFF FOG_EXP2 pd= ok=1
Cmd: compileSnippet
  api=4 type=1 insize=934 outsize=6043 kw=DIRECTIONAL SHADOWS_SCREEN FOG_EXP2 pd= ok=1
Cmd: compileSnippet
  api=1 type=1 insize=934 outsize=2453 kw=POINT_COOKIE SHADOWS_CUBE FOG_EXP2 pd= ok=1
Cmd: compileSnippet
  api=4 type=1 insize=934 outsize=7920 kw=SPOT SHADOWS_DEPTH SHADOWS_SOFT SHADOWS_NATIVE FOG_EXP2 pd= ok=1
Cmd: compileSnippet
  api=4 type=1 insize=934 outsize=7749 kw=POINT SHADOWS_CUBE SHADOWS_SOFT FOG_EXP2 pd= ok=1
Cmd: compileSnippet
  api=1 type=0 insize=751 outsize=814 kw=SHADOWS_DEPTH pd= ok=1
Cmd: compileSnippet
  api=1 type=1 insize=751 outsize=98 kw=SHADOWS_CUBE pd= ok=1
Cmd: compileSnippet
  api=4 type=0 insize=1148 outsize=4703 kw=LIGHTMAP_OFF DIRLIGHTMAP_COMBINED DYNAMICLIGHTMAP_OFF pd= ok=1
Cmd: compileSnippet
  api=4 type=0 insize=1148 outsize=3979 kw=LIGHTMAP_OFF DIRLIGHTMAP_OFF DYNAMICLIGHTMAP_OFF UNITY_HDR_ON pd= ok=1
Cmd: compileSnippet
  api=4 type=0 insize=1148 outsize=4703 kw=LIGHTMAP_OFF DIRLIGHTMAP_SEPARATE DYNAMICLIGHTMAP_OFF UNITY_HDR_ON pd= ok=1
Cmd: compileSnippet
  api=4 type=1 insize=1148 outsize=2777 kw=LIGHTMAP_OFF DIRLIGHTMAP_COMBINED DYNAMICLIGHTMAP_OFF pd= ok=1
Cmd: compileSnippet
  api=1 type=1 insize=1148 outsize=627 kw=LIGHTMAP_OFF DIRLIGHTMAP_OFF DYNAMICLIGHTMAP_OFF UNITY_HDR_ON pd= ok=1
Cmd: compileSnippet
  api=1 type=1 insize=1148 outsize=627 kw=LIGHTMAP_OFF DIRLIGHTMAP_COMBINED DYNAMICLIGHTMAP_OFF UNITY_HDR_ON pd= ok=1
Cmd: compileSnippet
  api=4 type=0 insize=903 outsize=4313 kw=DIRECTIONAL SHADOWS_OFF LIGHTMAP_OFF DIRLIGHTMAP_OFF DYNAMICLIGHTMAP_OFF pd= ok=1
Cmd: compileSnippet
  api=1 type=0 insize=903 outsize=1345 kw=DIRECTIONAL SHADOWS_OFF LIGHTMAP_OFF DIRLIGHTMAP_OFF DYNAMICLIGHTMAP_OFF VERTEXLIGHT_ON pd= ok=1
Cmd: compileSnippet
  api=8 type=0 insize=903 outsize=9709 kw=DIRECTIONAL SHADOWS_SCREEN SHADOWS_NATIVE LIGHTMAP_OFF DIRLIGHTMAP_OFF DYNAMICLIGHTMAP_OFF VERTEXLIGHT_ON pd=UNITY_NO_SCREENSPACE_SHADOWS UNITY_NO_LINEAR_COLORSPACE ok=1
Cmd: compileSnippet
  api=1 type=0 insize=903 outsize=1533 kw=DIRECTIONAL SHADOWS_SCREEN LIGHTMAP_OFF DIRLIGHTMAP_OFF DYNAMICLIGHTMAP_OFF FOG_EXP2 VERTEXLIGHT_ON pd= ok=1
Cmd: compileSnippet
  api=4 type=1 insize=903 outsize=3825 kw=DIRECTIONAL SHADOWS_OFF LIGHTMAP_OFF DIRLIGHTMAP_OFF DYNAMICLIGHTMAP_OFF pd= ok=1
Cmd: compileSnippet
  api=1 type=1 insize=903 outsize=1156 kw=DIRECTIONAL SHADOWS_OFF LIGHTMAP_OFF DIRLIGHTMAP_OFF DYNAMICLIGHTMAP_OFF FOG_EXP2 pd= ok=1
Cmd: compileSnippet
  api=1 type=1 insize=903 outsize=1211 kw=DIRECTIONAL SHADOWS_SCREEN LIGHTMAP_OFF DIRLIGHTMAP_OFF DYNAMICLIGHTMAP_OFF FOG_EXP2 pd= ok=1
Cmd: compileSnippet
  api=1 type=0 insize=812 outsize=803 kw=DIRECTIONAL SHADOWS_OFF pd= ok=1
Cmd: compileSnippet
  api=1 type=0 insize=812 outsize=912 kw=SPOT SHADOWS_OFF pd= ok=1
Cmd: compileSnippet
  api=8 type=0 insize=812 outsize=7410 kw=SPOT SHADOWS_OFF pd=UNITY_NO_SCREENSPACE_SHADOWS UNITY_NO_LINEAR_COLORSPACE ok=1
Cmd: compileSnippet
  api=8 type=0 insize=812 outsize=7231 kw=DIRECTIONAL_COOKIE SHADOWS_OFF pd=UNITY_NO_SCREENSPACE_SHADOWS UNITY_NO_LINEAR_COLORSPACE ok=1
Cmd: compileSnippet
  api=4 type=0 insize=812 outsize=4613 kw=DIRECTIONAL SHADOWS_SCREEN pd= ok=1
Cmd: compileSnippet
  api=4 type=0 insize=812 outsize=5247 kw=POINT SHADOWS_CUBE pd= ok=1
Cmd: compileSnippet
  api=8 type=0 insize=812 outsize=7264 kw=DIRECTIONAL SHADOWS_SCREEN SHADOWS_NATIVE pd=UNITY_NO_SCREENSPACE_SHADOWS UNITY_NO_LINEAR_COLORSPACE ok=1
Cmd: compileSnippet
  api=1 type=0 insize=812 outsize=878 kw=DIRECTIONAL SHADOWS_OFF FOG_EXP2 pd= ok=1
Cmd: compileSnippet
  api=8 type=0 insize=812 outsize=6638 kw=DIRECTIONAL SHADOWS_OFF FOG_EXP2 pd=UNITY_NO_SCREENSPACE_SHADOWS UNITY_NO_LINEAR_COLORSPACE ok=1
Cmd: compileSnippet
  api=1 type=0 insize=812 outsize=934 kw=DIRECTIONAL_COOKIE SHADOWS_OFF FOG_EXP2 pd= ok=1
Cmd: compileSnippet
  api=4 type=0 insize=812 outsize=5832 kw=SPOT SHADOWS_DEPTH SHADOWS_NATIVE FOG_EXP2 pd= ok=1
Cmd: compileSnippet
  api=1 type=0 insize=812 outsize=1067 kw=DIRECTIONAL_COOKIE SHADOWS_SCREEN FOG_EXP2 pd= ok=1
Cmd: compileSnippet
  api=1 type=0 insize=812 outsize=990 kw=POINT SHADOWS_CUBE FOG_EXP2 pd= ok=1
Cmd: compileSnippet
  api=4 type=0 insize=812 outsize=5564 kw=POINT_COOKIE SHADOWS_CUBE FOG_EXP2 pd= ok=1
Cmd: compileSnippet
  api=4 type=1 insize=812 outsize=2688 kw=POINT SHADOWS_OFF pd= ok=1
Cmd: compileSnippet
  api=8 type=1 insize=812 outsize=3543 kw=DIRECTIONAL SHADOWS_OFF pd=UNITY_NO_SCREENSPACE_SHADOWS UNITY_NO_LINEAR_COLORSPACE ok=1
Cmd: compileSnippet
  api=4 type=1 insize=812 outsize=2874 kw=POINT_COOKIE SHADOWS_OFF pd= ok=1
Cmd: compileSnippet
  api=4 type=1 insize=812 outsize=2631 kw=DIRECTIONAL_COOKIE SHADOWS_OFF pd= ok=1
Cmd: compileSnippet
  api=4 type=1 insize=812 outsize=3703 kw=SPOT SHADOWS_DEPTH SHADOWS_NATIVE pd= ok=1
Cmd: compileSnippet
  api=4 type=1 insize=812 outsize=3370 kw=POINT SHADOWS_CUBE pd= ok=1
Cmd: compileSnippet
  api=8 type=1 insize=812 outsize=5371 kw=POINT_COOKIE SHADOWS_CUBE pd=UNITY_NO_SCREENSPACE_SHADOWS UNITY_NO_LINEAR_COLORSPACE ok=1
Cmd: compileSnippet
  api=4 type=1 insize=812 outsize=2858 kw=POINT SHADOWS_OFF FOG_EXP2 pd= ok=1
Cmd: compileSnippet
  api=8 type=1 insize=812 outsize=3770 kw=DIRECTIONAL SHADOWS_OFF FOG_EXP2 pd=UNITY_NO_SCREENSPACE_SHADOWS UNITY_NO_LINEAR_COLORSPACE ok=1
Cmd: compileSnippet
  api=1 type=1 insize=812 outsize=837 kw=POINT_COOKIE SHADOWS_OFF FOG_EXP2 pd= ok=1
Cmd: compileSnippet
  api=1 type=1 insize=812 outsize=753 kw=DIRECTIONAL_COOKIE SHADOWS_OFF FOG_EXP2 pd= ok=1
Cmd: compileSnippet
  api=4 type=1 insize=812 outsize=3874 kw=SPOT SHADOWS_DEPTH SHADOWS_NATIVE FOG_EXP2 pd= ok=1
Cmd: compileSnippet
  api=4 type=1 insize=812 outsize=2858 kw=DIRECTIONAL SHADOWS_SCREEN FOG_EXP2 pd= ok=1
Cmd: compileSnippet
  api=4 type=1 insize=812 outsize=3541 kw=POINT SHADOWS_CUBE FOG_EXP2 pd= ok=1
Cmd: compileSnippet
  api=4 type=0 insize=600 outsize=3533 kw=SHADOWS_DEPTH pd= ok=1
Cmd: compileSnippet
  api=8 type=1 insize=600 outsize=601 kw=SHADOWS_DEPTH pd=UNITY_NO_SCREENSPACE_SHADOWS UNITY_NO_LINEAR_COLORSPACE ok=1
Cmd: compileSnippet
  api=1 type=0 insize=982 outsize=991 kw=DIRECTIONAL SHADOWS_SCREEN LIGHTMAP_OFF DIRLIGHTMAP_OFF DYNAMICLIGHTMAP_OFF pd= ok=1
Cmd: compileSnippet
  api=4 type=0 insize=982 outsize=5751 kw=DIRECTIONAL SHADOWS_SCREEN LIGHTMAP_OFF DIRLIGHTMAP_OFF DYNAMICLIGHTMAP_OFF VERTEXLIGHT_ON pd= ok=1
Cmd: compileSnippet
  api=1 type=0 insize=982 outsize=1519 kw=DIRECTIONAL SHADOWS_SCREEN LIGHTMAP_OFF DIRLIGHTMAP_OFF DYNAMICLIGHTMAP_OFF FOG_EXP2 VERTEXLIGHT_ON pd= ok=1
Cmd: compileSnippet
  api=1 type=1 insize=982 outsize=3979 kw=DIRECTIONAL SHADOWS_SCREEN LIGHTMAP_OFF DIRLIGHTMAP_OFF DYNAMICLIGHTMAP_OFF FOG_EXP2 pd= ok=1
Cmd: compileSnippet
  api=1 type=0 insize=938 outsize=923 kw=POINT SHADOWS_OFF pd= ok=1
Cmd: compileSnippet
  api=1 type=0 insize=938 outsize=923 kw=POINT_COOKIE SHADOWS_OFF pd= ok=1
Cmd: compileSnippet
  api=4 type=0 insize=938 outsize=4792 kw=DIRECTIONAL_COOKIE SHADOWS_OFF pd= ok=1
Cmd: compileSnippet
  api=4 type=0 insize=938 outsize=4459 kw=DIRECTIONAL SHADOWS_SCREEN pd= ok=1
Cmd: compileSnippet
  api=1 type=0 insize=938 outsize=965 kw=POINT_COOKIE SHADOWS_CUBE pd= ok=1
Cmd: compileSnippet
  api=1 type=0 insize=938 outsize=1027 kw=SPOT SHADOWS_DEPTH SHADOWS_SOFT SHADOWS_NATIVE pd= ok=1
Cmd: compileSnippet
  api=4 type=0 insize=938 outsize=4938 kw=POINT SHADOWS_CUBE SHADOWS_SOFT pd= ok=1
Cmd: compileSnippet
  api=1 type=0 insize=938 outsize=879 kw=DIRECTIONAL SHADOWS_OFF FOG_EXP2 pd= ok=1
Cmd: compileSnippet
  api=4 type=0 insize=938 outsize=4946 kw=SPOT SHADOWS_OFF FOG_EXP2 pd= ok=1
Cmd: compileSnippet
  api=1 type=0 insize=938 outsize=1076 kw=SPOT SHADOWS_DEPTH SHADOWS_NATIVE FOG_EXP2 pd= ok=1
Cmd: compileSnippet
  api=1 type=0 insize=938 outsize=1014 kw=POINT_COOKIE SHADOWS_CUBE FOG_EXP2 pd= ok=1
Cmd: compileSnippet
  api=4 type=0 insize=938 outsize=5361 kw=SPOT SHADOWS_DEPTH SHADOWS_SOFT SHADOWS_NATIVE FOG_EXP2 pd= ok=1
Cmd: compileSnippet
  api=4 type=0 insize=938 outsize=5093 kw=POINT_COOKIE SHADOWS_CUBE SHADOWS_SOFT FOG_EXP2 pd= ok=1
Cmd: compileSnippet
  api=1 type=1 insize=938 outsize=2142 kw=POINT SHADOWS_OFF pd= ok=1
Cmd: compileSnippet
  api=1 type=1 insize=938 outsize=2139 kw=DIRECTIONAL_COOKIE SHADOWS_OFF pd= ok=1
Cmd: compileSnippet
  api=4 type=1 insize=938 outsize=6644 kw=POINT SHADOWS_CUBE pd= ok=1
Cmd: compileSnippet
  api=1 type=1 insize=938 outsize=2673 kw=POINT_COOKIE SHADOWS_CUBE SHADOWS_SOFT pd= ok=1
Cmd: compileSnippet
  api=4 type=1 insize=938 outsize=6482 kw=POINT_COOKIE SHADOWS_OFF FOG_EXP2 pd= ok=1
Cmd: compileSnippet
  api=1 type=1 insize=938 outsize=2473 kw=SPOT SHADOWS_DEPTH SHADOWS_NATIVE FOG_EXP2 pd= ok=1
Cmd: compileSnippet
  api=4 type=1 insize=938 outsize=6417 kw=DIRECTIONAL_COOKIE SHADOWS_SCREEN FOG_EXP2 pd= ok=1
Cmd: compileSnippet
  api=4 type=1 insize=938 outsize=7238 kw=POINT_COOKIE SHADOWS_CUBE FOG_EXP2 pd= ok=1
Cmd: compileSnippet
  api=1 type=1 insize=938 outsize=2733 kw=POINT SHADOWS_CUBE SHADOWS_SOFT FOG_EXP2 pd= ok=1
Cmd: compileSnippet
  api=1 type=1 insize=751 outsize=98 kw=SHADOWS_CUBE pd= ok=1
Cmd: compileSnippet
  api=1 type=0 insize=1152 outsize=842 kw=LIGHTMAP_OFF DIRLIGHTMAP_OFF DYNAMICLIGHTMAP_OFF pd= ok=1
Cmd: compileSnippet
  api=1 type=0 insize=1152 outsize=842 kw=LIGHTMAP_OFF DIRLIGHTMAP_OFF DYNAMICLIGHTMAP_OFF UNITY_HDR_ON pd= ok=1
Cmd: compileSnippet
  api=4 type=0 insize=1152 outsize=4703 kw=LIGHTMAP_OFF DIRLIGHTMAP_COMBINED DYNAMICLIGHTMAP_OFF UNITY_HDR_ON pd= ok=1
Cmd: compileSnippet
  api=4 type=1 insize=1152 outsize=2818 kw=LIGHTMAP_OFF DIRLIGHTMAP_COMBINED DYNAMICLIGHTMAP_OFF pd= ok=1
Cmd: compileSnippet
  api=4 type=1 insize=1152 outsize=2769 kw=LIGHTMAP_OFF DIRLIGHTMAP_OFF DYNAMICLIGHTMAP_OFF UNITY_HDR_ON pd= ok=1
Cmd: compileSnippet
  api=4 type=1 insize=1152 outsize=2769 kw=LIGHTMAP_OFF DIRLIGHTMAP_SEPARATE DYNAMICLIGHTMAP_OFF UNITY_HDR_ON pd= ok=1
Cmd: compileSnippet
  api=1 type=0 insize=886 outsize=979 kw=DIRECTIONAL SHADOWS_SCREEN LIGHTMAP_OFF DIRLIGHTMAP_OFF DYNAMICLIGHTMAP_OFF pd= ok=1
Cmd: compileSnippet
  api=1 type=0 insize=886 outsize=1345 kw=DIRECTIONAL SHADOWS_OFF LIGHTMAP_OFF DIRLIGHTMAP_OFF DYNAMICLIGHTMAP_OFF VERTEXLIGHT_ON pd= ok=1
Cmd: compileSnippet
  api=4 type=0 insize=886 outsize=6084 kw=DIRECTIONAL SHADOWS_SCREEN LIGHTMAP_OFF DIRLIGHTMAP_OFF DYNAMICLIGHTMAP_OFF VERTEXLIGHT_ON pd= ok=1
Cmd: compileSnippet
  api=4 type=0 insize=886 outsize=4629 kw=DIRECTIONAL SHADOWS_OFF LIGHTMAP_OFF DIRLIGHTMAP_OFF DYNAMICLIGHTMAP_OFF FOG_EXP2 pd= ok=1
Cmd: compileSnippet
  api=1 type=0 insize=886 outsize=1039 kw=DIRECTIONAL SHADOWS_SCREEN LIGHTMAP_OFF DIRLIGHTMAP_OFF DYNAMICLIGHTMAP_OFF FOG_EXP2 pd= ok=1
Cmd: compileSnippet
  api=1 type=0 insize=886 outsize=1420 kw=DIRECTIONAL SHADOWS_OFF LIGHTMAP_OFF DIRLIGHTMAP_OFF DYNAMICLIGHTMAP_OFF FOG_EXP2 VERTEXLIGHT_ON pd= ok=1
Cmd: compileSnippet
  api=4 type=0 insize=886 outsize=6360 kw=DIRECTIONAL SHADOWS_SCREEN LIGHTMAP_OFF DIRLIGHTMAP_OFF DYNAMICLIGHTMAP_OFF FOG_EXP2 VERTEXLIGHT_ON pd= ok=1
Cmd: compileSnippet
  api=4 type=1 insize=886 outsize=4020 kw=DIRECTIONAL SHADOWS_OFF LIGHTMAP_OFF DIRLIGHTMAP_OFF DYNAMICLIGHTMAP_OFF pd= ok=1
Cmd: compileSnippet
  api=4 type=1 insize=886 outsize=4337 kw=DIRECTIONAL SHADOWS_SCREEN LIGHTMAP_OFF DIRLIGHTMAP_OFF DYNAMICLIGHTMAP_OFF pd= ok=1
Cmd: compileSnippet
  api=8 type=1 insize=886 outsize=6224 kw=DIRECTIONAL SHADOWS_OFF LIGHTMAP_OFF DIRLIGHTMAP_OFF DYNAMICLIGHTMAP_OFF FOG_EXP2 pd=UNITY_NO_SCREENSPACE_SHADOWS UNITY_NO_LINEAR_COLORSPACE ok=1
Cmd: compileSnippet
  api=4 type=0 insize=816 outsize=5101 kw=POINT SHADOWS_OFF pd= ok=1
Cmd: compileSnippet
  api=8 type=0 insize=816 outsize=7410 kw=SPOT SHADOWS_OFF pd=UNITY_NO_SCREENSPACE_SHADOWS UNITY_NO_LINEAR_COLORSPACE ok=1
Cmd: compileSnippet
  api=1 type=0 insize=816 outsize=1007 kw=DIRECTIONAL_COOKIE SHADOWS_SCREEN pd= ok=1
Cmd: compileSnippet
  api=4 type=0 insize=816 outsize=5247 kw=POINT SHADOWS_CUBE pd= ok=1
Cmd: compileSnippet
  api=8 type=0 insize=816 outsize=7264 kw=DIRECTIONAL SHADOWS_SCREEN SHADOWS_NATIVE pd=UNITY_NO_SCREENSPACE_SHADOWS UNITY_NO_LINEAR_COLORSPACE ok=1
Cmd: compileSnippet
  api=8 type=0 insize=816 outsize=7841 kw=POINT SHADOWS_OFF FOG_EXP2 pd=UNITY_NO_SCREENSPACE_SHADOWS UNITY_NO_LINEAR_COLORSPACE ok=1
Cmd: compileSnippet
  api=4 type=0 insize=816 outsize=5418 kw=SPOT SHADOWS_OFF FOG_EXP2 pd= ok=1
Cmd: compileSnippet
  api=8 type=0 insize=816 outsize=7662 kw=DIRECTIONAL_COOKIE SHADOWS_OFF FOG_EXP2 pd=UNITY_NO_SCREENSPACE_SHADOWS UNITY_NO_LINEAR_COLORSPACE ok=1
Cmd: compileSnippet
  api=8 type=0 insize=816 outsize=7694 kw=DIRECTIONAL SHADOWS_SCREEN SHADOWS_NATIVE FOG_EXP2 pd=UNITY_NO_SCREENSPACE_SHADOWS UNITY_NO_LINEAR_COLORSPACE ok=1
Cmd: compileSnippet
  api=1 type=1 insize=816 outsize=689 kw=DIRECTIONAL SHADOWS_OFF pd= ok=1
Cmd: compileSnippet
  api=8 type=1 insize=816 outsize=3892 kw=DIRECTIONAL SHADOWS_OFF pd=UNITY_NO_SCREENSPACE_SHADOWS UNITY_NO_LINEAR_COLORSPACE ok=1
Cmd: compileSnippet
  api=4 type=1 insize=816 outsize=3086 kw=POINT_COOKIE SHADOWS_OFF pd= ok=1
Cmd: compileSnippet
  api=4 type=1 insize=816 outsize=2842 kw=DIRECTIONAL_COOKIE SHADOWS_OFF pd= ok=1
Cmd: compileSnippet
  api=8 type=1 insize=816 outsize=5891 kw=SPOT SHADOWS_DEPTH SHADOWS_NATIVE pd=UNITY_NO_SCREENSPACE_SHADOWS UNITY_NO_LINEAR_COLORSPACE ok=1
Cmd: compileSnippet
  api=1 type=1 insize=816 outsize=999 kw=POINT SHADOWS_CUBE pd= ok=1
Cmd: compileSnippet
  api=8 type=1 insize=816 outsize=4607 kw=DIRECTIONAL SHADOWS_SCREEN SHADOWS_NATIVE pd=UNITY_NO_SCREENSPACE_SHADOWS UNITY_NO_LINEAR_COLORSPACE ok=1
Cmd: compileSnippet
  api=8 type=1 insize=816 outsize=4591 kw=POINT SHADOWS_OFF FOG_EXP2 pd=UNITY_NO_SCREENSPACE_SHADOWS UNITY_NO_LINEAR_COLORSPACE ok=1
Cmd: compileSnippet
  api=4 type=1 insize=816 outsize=3565 kw=SPOT SHADOWS_OFF FOG_EXP2 pd= ok=1
Cmd: compileSnippet
  api=8 type=1 insize=816 outsize=4875 kw=POINT_COOKIE SHADOWS_OFF FOG_EXP2 pd=UNITY_NO_SCREENSPACE_SHADOWS UNITY_NO_LINEAR_COLORSPACE ok=1
Cmd: compileSnippet
  api=1 type=1 insize=816 outsize=1083 kw=SPOT SHADOWS_DEPTH SHADOWS_NATIVE FOG_EXP2 pd= ok=1
Cmd: compileSnippet
  api=1 type=1 insize=816 outsize=1051 kw=POINT SHADOWS_CUBE FOG_EXP2 pd= ok=1
Cmd: compileSnippet
  api=1 type=1 insize=816 outsize=1101 kw=POINT_COOKIE SHADOWS_CUBE FOG_EXP2 pd= ok=1
Cmd: compileSnippet
  api=8 type=1 insize=816 outsize=5948 kw=POINT_COOKIE SHADOWS_CUBE FOG_EXP2 pd=UNITY_NO_SCREENSPACE_SHADOWS UNITY_NO_LINEAR_COLORSPACE ok=1
Cmd: compileSnippet
  api=4 type=0 insize=600 outsize=3533 kw=SHADOWS_DEPTH pd= ok=1
Cmd: compileSnippet
  api=1 type=1 insize=600 outsize=103 kw=SHADOWS_CUBE pd= ok=1
Cmd: compileSnippet
  api=4 type=0 insize=4652 outsize=4093 kw= pd= ok=1
Cmd: compileSnippet
  api=1 type=0 insize=4652 outsize=1472 kw=SPOT pd= ok=1
Cmd: compileSnippet
  api=4 type=0 insize=4652 outsize=4410 kw=FOG_EXP2 pd= ok=1
Cmd: compileSnippet
  api=4 type=0 insize=4652 outsize=5149 kw=POINT FOG_EXP2 pd= ok=1
Cmd: compileSnippet
  api=1 type=0 insize=4652 outsize=1563 kw=SPOT FOG_EXP2 pd= ok=1
Cmd: compileSnippet
  api=1 type=1 insize=4652 outsize=240 kw=POINT pd= ok=1
Cmd: compileSnippet
  api=1 type=1 insize=4652 outsize=240 kw=SPOT pd= ok=1
Cmd: compileSnippet
  api=4 type=1 insize=4652 outsize=1363 kw=POINT FOG_EXP2 pd= ok=1
Cmd: compileSnippet
  api=4 type=0 insize=1877 outsize=1542 kw= pd= ok=1
Cmd: compileSnippet
  api=8 type=0 insize=1877 outsize=3258 kw=FOG_EXP2 pd=UNITY_NO_SCREENSPACE_SHADOWS UNITY_NO_LINEAR_COLORSPACE ok=1
Cmd: compileSnippet
  api=1 type=1 insize=1877 outsize=347 kw=FOG_EXP2 pd= ok=1
Cmd: compileSnippet
  api=4 type=0 insize=2152 outsize=1704 kw= pd= ok=1
Cmd: compileSnippet
  api=8 type=0 insize=2152 outsize=3461 kw=FOG_EXP2 pd=UNITY_NO_SCREENSPACE_SHADOWS UNITY_NO_LINEAR_COLORSPACE ok=1
Cmd: compileSnippet
  api=8 type=1 insize=2152 outsize=2218 kw= pd=UNITY_NO_SCREENSPACE_SHADOWS UNITY_NO_LINEAR_COLORSPACE ok=1
Cmd: compileSnippet
  api=8 type=1 insize=2152 outsize=2535 kw=FOG_EXP2 pd=UNITY_NO_SCREENSPACE_SHADOWS UNITY_NO_LINEAR_COLORSPACE ok=1
Cmd: compileSnippet
  api=1 type=0 insize=797 outsize=878 kw=SHADOWS_DEPTH pd= ok=1
Cmd: compileSnippet
  api=8 type=0 insize=797 outsize=2364 kw=SHADOWS_CUBE pd=UNITY_NO_SCREENSPACE_SHADOWS UNITY_NO_LINEAR_COLORSPACE ok=1
Cmd: compileSnippet
  api=1 type=1 insize=797 outsize=192 kw=SHADOWS_CUBE pd= ok=1
Cmd: compileSnippet
  api=8 type=1 insize=797 outsize=1617 kw=SHADOWS_CUBE pd=UNITY_NO_SCREENSPACE_SHADOWS UNITY_NO_LINEAR_COLORSPACE ok=1
Cmd: compileSnippet
  api=1 type=0 insize=13030 outsize=4402 kw=_SUNDISK_SIMPLE pd= ok=1
Cmd: compileSnippet
  api=4 type=0 insize=13030 outsize=11268 kw=_SUNDISK_SIMPLE pd= ok=1
Cmd: compileSnippet
  api=1 type=0 insize=13030 outsize=4422 kw=_SUNDISK_HIGH_QUALITY pd= ok=1
Cmd: compileSnippet
  api=1 type=0 insize=13030 outsize=4081 kw=UNITY_COLORSPACE_GAMMA _SUNDISK_NONE pd= ok=1
Cmd: compileSnippet
  api=8 type=0 insize=13030 outsize=17038 kw=UNITY_COLORSPACE_GAMMA _SUNDISK_NONE pd=UNITY_NO_SCREENSPACE_SHADOWS UNITY_NO_LINEAR_COLORSPACE ok=1
Cmd: compileSnippet
  api=4 type=1 insize=13030 outsize=868 kw=_SUNDISK_NONE pd= ok=1
Cmd: compileSnippet
  api=8 type=1 insize=13030 outsize=2836 kw=_SUNDISK_SIMPLE pd=UNITY_NO_SCREENSPACE_SHADOWS UNITY_NO_LINEAR_COLORSPACE ok=1
Cmd: compileSnippet
  api=1 type=0 insize=7007 outsize=2258 kw=DIRECTIONAL SHADOWS_SCREEN LIGHTMAP_OFF DIRLIGHTMAP_OFF DYNAMICLIGHTMAP_OFF pd= ok=1
Cmd: compileSnippet
  api=1 type=0 insize=7007 outsize=2721 kw=DIRECTIONAL SHADOWS_OFF LIGHTMAP_OFF DIRLIGHTMAP_OFF DYNAMICLIGHTMAP_OFF VERTEXLIGHT_ON pd= ok=1
Cmd: compileSnippet
  api=4 type=0 insize=7007 outsize=10886 kw=DIRECTIONAL SHADOWS_SCREEN LIGHTMAP_OFF DIRLIGHTMAP_OFF DYNAMICLIGHTMAP_OFF VERTEXLIGHT_ON pd= ok=1
Cmd: compileSnippet
  api=8 type=0 insize=7007 outsize=13967 kw=DIRECTIONAL SHADOWS_OFF LIGHTMAP_OFF DIRLIGHTMAP_OFF DYNAMICLIGHTMAP_OFF FOG_EXP2 pd=UNITY_NO_SCREENSPACE_SHADOWS UNITY_NO_LINEAR_COLORSPACE ok=1
Cmd: compileSnippet
  api=4 type=0 insize=7007 outsize=10788 kw=DIRECTIONAL SHADOWS_OFF LIGHTMAP_OFF DIRLIGHTMAP_OFF DYNAMICLIGHTMAP_OFF FOG_EXP2 VERTEXLIGHT_ON pd= ok=1
Cmd: compileSnippet
  api=8 type=0 insize=7007 outsize=14999 kw=DIRECTIONAL SHADOWS_SCREEN SHADOWS_NATIVE LIGHTMAP_OFF DIRLIGHTMAP_OFF DYNAMICLIGHTMAP_OFF FOG_EXP2 pd=UNITY_NO_SCREENSPACE_SHADOWS UNITY_NO_LINEAR_COLORSPACE ok=1
Cmd: compileSnippet
  api=1 type=1 insize=7007 outsize=1319 kw=DIRECTIONAL SHADOWS_SCREEN LIGHTMAP_OFF DIRLIGHTMAP_OFF DYNAMICLIGHTMAP_OFF pd= ok=1
Cmd: compileSnippet
  api=1 type=1 insize=7007 outsize=1400 kw=DIRECTIONAL SHADOWS_SCREEN LIGHTMAP_OFF DIRLIGHTMAP_OFF DYNAMICLIGHTMAP_OFF FOG_EXP2 pd= ok=1
Cmd: compileSnippet
  api=1 type=0 insize=3223 outsize=1252 kw=SHADOWS_CUBE pd= ok=1
Cmd: compileSnippet
  api=4 type=1 insize=3223 outsize=1087 kw=SHADOWS_CUBE pd= ok=1
Cmd: compileSnippet
  api=4 type=0 insize=3137 outsize=5897 kw= pd= ok=1
Cmd: compileSnippet
  api=4 type=0 insize=7010 outsize=9058 kw=DIRECTIONAL SHADOWS_OFF LIGHTMAP_OFF DIRLIGHTMAP_OFF DYNAMICLIGHTMAP_OFF pd= ok=1
Cmd: compileSnippet
  api=4 type=0 insize=7010 outsize=10471 kw=DIRECTIONAL SHADOWS_OFF LIGHTMAP_OFF DIRLIGHTMAP_OFF DYNAMICLIGHTMAP_OFF VERTEXLIGHT_ON pd= ok=1
Cmd: compileSnippet
  api=8 type=0 insize=7010 outsize=14568 kw=DIRECTIONAL SHADOWS_SCREEN SHADOWS_NATIVE LIGHTMAP_OFF DIRLIGHTMAP_OFF DYNAMICLIGHTMAP_OFF pd=UNITY_NO_SCREENSPACE_SHADOWS UNITY_NO_LINEAR_COLORSPACE ok=1
Cmd: compileSnippet
  api=8 type=0 insize=7010 outsize=13967 kw=DIRECTIONAL SHADOWS_OFF LIGHTMAP_OFF DIRLIGHTMAP_OFF DYNAMICLIGHTMAP_OFF FOG_EXP2 pd=UNITY_NO_SCREENSPACE_SHADOWS UNITY_NO_LINEAR_COLORSPACE ok=1
Cmd: compileSnippet
  api=8 type=0 insize=7010 outsize=16299 kw=DIRECTIONAL SHADOWS_OFF LIGHTMAP_OFF DIRLIGHTMAP_OFF DYNAMICLIGHTMAP_OFF FOG_EXP2 VERTEXLIGHT_ON pd=UNITY_NO_SCREENSPACE_SHADOWS UNITY_NO_LINEAR_COLORSPACE ok=1
Cmd: compileSnippet
  api=1 type=1 insize=7010 outsize=1174 kw=DIRECTIONAL SHADOWS_OFF LIGHTMAP_OFF DIRLIGHTMAP_OFF DYNAMICLIGHTMAP_OFF pd= ok=1
Cmd: compileSnippet
  api=4 type=1 insize=7010 outsize=4589 kw=DIRECTIONAL SHADOWS_SCREEN LIGHTMAP_OFF DIRLIGHTMAP_OFF DYNAMICLIGHTMAP_OFF pd= ok=1
Cmd: compileSnippet
  api=8 type=1 insize=7010 outsize=6638 kw=DIRECTIONAL SHADOWS_OFF LIGHTMAP_OFF DIRLIGHTMAP_OFF DYNAMICLIGHTMAP_OFF FOG_EXP2 pd=UNITY_NO_SCREENSPACE_SHADOWS UNITY_NO_LINEAR_COLORSPACE ok=1
Cmd: compileSnippet
  api=8 type=0 insize=1097 outsize=11269 kw=SHADOWS_DEPTH pd=UNITY_NO_SCREENSPACE_SHADOWS UNITY_NO_LINEAR_COLORSPACE ok=1
Cmd: compileSnippet
  api=1 type=1 insize=1097 outsize=171 kw=SHADOWS_CUBE pd= ok=1
Cmd: compileSnippet
  api=1 type=0 insize=455008 outsize=4757 kw=DIRECTIONAL SHADOWS_OFF LIGHTMAP_OFF DIRLIGHTMAP_OFF DYNAMICLIGHTMAP_OFF VERTEXLIGHT_ON GEOM_TYPE_BRANCH pd= ok=1
Cmd: compileSnippet
  api=4 type=0 insize=455008 outsize=15298 kw=DIRECTIONAL SHADOWS_SCREEN LIGHTMAP_OFF DIRLIGHTMAP_OFF DYNAMICLIGHTMAP_OFF VERTEXLIGHT_ON GEOM_TYPE_BRANCH pd= ok=1
Cmd: compileSnippet
  api=1 type=0 insize=455008 outsize=4938 kw=DIRECTIONAL SHADOWS_SCREEN LIGHTMAP_OFF DIRLIGHTMAP_OFF DYNAMICLIGHTMAP_OFF FOG_EXP2 VERTEXLIGHT_ON GEOM_TYPE_BRANCH pd= ok=1
Cmd: compileSnippet
  api=1 type=0 insize=455008 outsize=4437 kw=DIRECTIONAL SHADOWS_SCREEN LIGHTMAP_OFF DIRLIGHTMAP_OFF DYNAMICLIGHTMAP_OFF LOD_FADE_PERCENTAGE GEOM_TYPE_BRANCH pd= ok=1
Cmd: compileSnippet
  api=1 type=0 insize=455008 outsize=4952 kw=DIRECTIONAL SHADOWS_SCREEN LIGHTMAP_OFF DIRLIGHTMAP_OFF DYNAMICLIGHTMAP_OFF VERTEXLIGHT_ON LOD_FADE_PERCENTAGE GEOM_TYPE_BRANCH pd= ok=1
Cmd: compileSnippet
  api=1 type=0 insize=455008 outsize=4471 kw=DIRECTIONAL SHADOWS_SCREEN LIGHTMAP_OFF DIRLIGHTMAP_OFF DYNAMICLIGHTMAP_OFF FOG_EXP2 LOD_FADE_PERCENTAGE GEOM_TYPE_BRANCH pd= ok=1
Cmd: compileSnippet
  api=1 type=0 insize=455008 outsize=4986 kw=DIRECTIONAL SHADOWS_SCREEN LIGHTMAP_OFF DIRLIGHTMAP_OFF DYNAMICLIGHTMAP_OFF FOG_EXP2 VERTEXLIGHT_ON LOD_FADE_PERCENTAGE GEOM_TYPE_BRANCH pd= ok=1
Cmd: compileSnippet
  api=1 type=0 insize=455008 outsize=4504 kw=DIRECTIONAL SHADOWS_SCREEN LIGHTMAP_OFF DIRLIGHTMAP_OFF DYNAMICLIGHTMAP_OFF LOD_FADE_CROSSFADE GEOM_TYPE_BRANCH pd= ok=1
Cmd: compileSnippet
  api=1 type=0 insize=455008 outsize=5019 kw=DIRECTIONAL SHADOWS_SCREEN LIGHTMAP_OFF DIRLIGHTMAP_OFF DYNAMICLIGHTMAP_OFF VERTEXLIGHT_ON LOD_FADE_CROSSFADE GEOM_TYPE_BRANCH pd= ok=1
Cmd: compileSnippet
  api=1 type=0 insize=455008 outsize=4538 kw=DIRECTIONAL SHADOWS_SCREEN LIGHTMAP_OFF DIRLIGHTMAP_OFF DYNAMICLIGHTMAP_OFF FOG_EXP2 LOD_FADE_CROSSFADE GEOM_TYPE_BRANCH pd= ok=1
Cmd: compileSnippet
  api=1 type=0 insize=455008 outsize=5053 kw=DIRECTIONAL SHADOWS_SCREEN LIGHTMAP_OFF DIRLIGHTMAP_OFF DYNAMICLIGHTMAP_OFF FOG_EXP2 VERTEXLIGHT_ON LOD_FADE_CROSSFADE GEOM_TYPE_BRANCH pd= ok=1
Cmd: compileSnippet
  api=4 type=1 insize=455008 outsize=2029 kw=DIRECTIONAL SHADOWS_SCREEN LIGHTMAP_OFF DIRLIGHTMAP_OFF DYNAMICLIGHTMAP_OFF GEOM_TYPE_BRANCH pd= ok=1
Cmd: compileSnippet
  api=4 type=1 insize=455008 outsize=1713 kw=DIRECTIONAL SHADOWS_OFF LIGHTMAP_OFF DIRLIGHTMAP_OFF DYNAMICLIGHTMAP_OFF LOD_FADE_PERCENTAGE GEOM_TYPE_BRANCH pd= ok=1
Cmd: compileSnippet
  api=1 type=1 insize=455008 outsize=623 kw=DIRECTIONAL SHADOWS_OFF LIGHTMAP_OFF DIRLIGHTMAP_OFF DYNAMICLIGHTMAP_OFF LOD_FADE_CROSSFADE GEOM_TYPE_BRANCH pd= ok=1
Cmd: compileSnippet
  api=4 type=1 insize=455008 outsize=2696 kw=DIRECTIONAL SHADOWS_OFF LIGHTMAP_OFF DIRLIGHTMAP_OFF DYNAMICLIGHTMAP_OFF FOG_EXP2 LOD_FADE_CROSSFADE GEOM_TYPE_BRANCH pd= ok=1
Cmd: compileSnippet
  api=1 type=0 insize=291968 outsize=4090 kw=POINT GEOM_TYPE_BRANCH pd= ok=1
Cmd: compileSnippet
  api=1 type=0 insize=291968 outsize=4090 kw=DIRECTIONAL_COOKIE GEOM_TYPE_BRANCH pd= ok=1
Cmd: compileSnippet
  api=1 type=0 insize=291968 outsize=4139 kw=DIRECTIONAL FOG_EXP2 GEOM_TYPE_BRANCH pd= ok=1
Cmd: compileSnippet
  api=1 type=0 insize=291968 outsize=4139 kw=POINT_COOKIE FOG_EXP2 GEOM_TYPE_BRANCH pd= ok=1
Cmd: compileSnippet
  api=1 type=0 insize=291968 outsize=4138 kw=POINT LOD_FADE_PERCENTAGE GEOM_TYPE_BRANCH pd= ok=1
Cmd: compileSnippet
  api=4 type=0 insize=291968 outsize=12901 kw=DIRECTIONAL LOD_FADE_PERCENTAGE GEOM_TYPE_BRANCH pd= ok=1
Cmd: compileSnippet
  api=4 type=0 insize=291968 outsize=12901 kw=DIRECTIONAL_COOKIE LOD_FADE_PERCENTAGE GEOM_TYPE_BRANCH pd= ok=1
Cmd: compileSnippet
  api=1 type=0 insize=291968 outsize=4187 kw=DIRECTIONAL FOG_EXP2 LOD_FADE_PERCENTAGE GEOM_TYPE_BRANCH pd= ok=1
Cmd: compileSnippet
  api=1 type=0 insize=291968 outsize=4187 kw=DIRECTIONAL_COOKIE FOG_EXP2 LOD_FADE_PERCENTAGE GEOM_TYPE_BRANCH pd= ok=1
Cmd: compileSnippet
  api=1 type=0 insize=291968 outsize=4290 kw=DIRECTIONAL LOD_FADE_CROSSFADE GEOM_TYPE_BRANCH pd= ok=1
Cmd: compileSnippet
  api=1 type=0 insize=291968 outsize=4290 kw=POINT_COOKIE LOD_FADE_CROSSFADE GEOM_TYPE_BRANCH pd= ok=1
Cmd: compileSnippet
  api=1 type=0 insize=291968 outsize=4341 kw=POINT FOG_EXP2 LOD_FADE_CROSSFADE GEOM_TYPE_BRANCH pd= ok=1
Cmd: compileSnippet
  api=4 type=0 insize=291968 outsize=13794 kw=DIRECTIONAL FOG_EXP2 LOD_FADE_CROSSFADE GEOM_TYPE_BRANCH pd= ok=1
Cmd: compileSnippet
  api=1 type=0 insize=291968 outsize=4341 kw=DIRECTIONAL_COOKIE FOG_EXP2 LOD_FADE_CROSSFADE GEOM_TYPE_BRANCH pd= ok=1
Cmd: compileSnippet
  api=1 type=1 insize=291968 outsize=618 kw=SPOT GEOM_TYPE_BRANCH pd= ok=1
Cmd: compileSnippet
  api=1 type=1 insize=291968 outsize=402 kw=DIRECTIONAL_COOKIE GEOM_TYPE_BRANCH pd= ok=1
Cmd: compileSnippet
  api=1 type=1 insize=291968 outsize=577 kw=POINT FOG_EXP2 GEOM_TYPE_BRANCH pd= ok=1
Cmd: compileSnippet
  api=1 type=1 insize=291968 outsize=719 kw=SPOT FOG_EXP2 GEOM_TYPE_BRANCH pd= ok=1
Cmd: compileSnippet
  api=1 type=1 insize=291968 outsize=503 kw=DIRECTIONAL_COOKIE FOG_EXP2 GEOM_TYPE_BRANCH pd= ok=1
Cmd: compileSnippet
  api=4 type=1 insize=291968 outsize=2013 kw=POINT LOD_FADE_PERCENTAGE GEOM_TYPE_BRANCH pd= ok=1
Cmd: compileSnippet
  api=4 type=1 insize=291968 outsize=2509 kw=SPOT LOD_FADE_PERCENTAGE GEOM_TYPE_BRANCH pd= ok=1
Cmd: compileSnippet
  api=4 type=1 insize=291968 outsize=2346 kw=POINT FOG_EXP2 LOD_FADE_PERCENTAGE GEOM_TYPE_BRANCH pd= ok=1
Cmd: compileSnippet
  api=4 type=1 insize=291968 outsize=2533 kw=POINT_COOKIE FOG_EXP2 LOD_FADE_PERCENTAGE GEOM_TYPE_BRANCH pd= ok=1
Cmd: compileSnippet
  api=1 type=1 insize=291968 outsize=454 kw=DIRECTIONAL LOD_FADE_CROSSFADE GEOM_TYPE_BRANCH pd= ok=1
Cmd: compileSnippet
  api=1 type=1 insize=291968 outsize=721 kw=POINT_COOKIE LOD_FADE_CROSSFADE GEOM_TYPE_BRANCH pd= ok=1
Cmd: compileSnippet
  api=1 type=1 insize=291968 outsize=772 kw=POINT FOG_EXP2 LOD_FADE_CROSSFADE GEOM_TYPE_BRANCH pd= ok=1
Cmd: compileSnippet
  api=4 type=1 insize=291968 outsize=3394 kw=SPOT FOG_EXP2 LOD_FADE_CROSSFADE GEOM_TYPE_BRANCH pd= ok=1
Cmd: compileSnippet
  api=1 type=0 insize=255213 outsize=4138 kw=LOD_FADE_PERCENTAGE GEOM_TYPE_BRANCH pd= ok=1
Cmd: compileSnippet
  api=4 type=1 insize=255213 outsize=835 kw=LOD_FADE_PERCENTAGE GEOM_TYPE_BRANCH pd= ok=1
Cmd: compileSnippet
  api=4 type=0 insize=393346 outsize=14160 kw=LIGHTMAP_OFF DIRLIGHTMAP_OFF DYNAMICLIGHTMAP_OFF UNITY_HDR_ON GEOM_TYPE_BRANCH pd= ok=1
Cmd: compileSnippet
  api=1 type=0 insize=393346 outsize=4507 kw=LIGHTMAP_OFF DIRLIGHTMAP_OFF DYNAMICLIGHTMAP_OFF FOG_EXP2 UNITY_HDR_ON GEOM_TYPE_BRANCH pd= ok=1
Cmd: compileSnippet
  api=4 type=0 insize=393346 outsize=14282 kw=LIGHTMAP_OFF DIRLIGHTMAP_OFF DYNAMICLIGHTMAP_OFF UNITY_HDR_ON LOD_FADE_PERCENTAGE GEOM_TYPE_BRANCH pd= ok=1
Cmd: compileSnippet
  api=1 type=0 insize=393346 outsize=4588 kw=LIGHTMAP_OFF DIRLIGHTMAP_OFF DYNAMICLIGHTMAP_OFF LOD_FADE_CROSSFADE HDR_LIGHT_PREPASS_OFF GEOM_TYPE_BRANCH pd= ok=1
Cmd: compileSnippet
  api=4 type=0 insize=393346 outsize=14924 kw=LIGHTMAP_OFF DIRLIGHTMAP_OFF DYNAMICLIGHTMAP_OFF UNITY_HDR_ON LOD_FADE_CROSSFADE GEOM_TYPE_BRANCH pd= ok=1
Cmd: compileSnippet
  api=4 type=0 insize=393346 outsize=15038 kw=LIGHTMAP_OFF DIRLIGHTMAP_OFF DYNAMICLIGHTMAP_OFF FOG_EXP2 UNITY_HDR_ON LOD_FADE_CROSSFADE GEOM_TYPE_BRANCH pd= ok=1
Cmd: compileSnippet
  api=4 type=1 insize=393346 outsize=1347 kw=LIGHTMAP_OFF DIRLIGHTMAP_OFF DYNAMICLIGHTMAP_OFF UNITY_HDR_ON GEOM_TYPE_BRANCH pd= ok=1
Cmd: compileSnippet
  api=4 type=1 insize=393346 outsize=1737 kw=LIGHTMAP_OFF DIRLIGHTMAP_OFF DYNAMICLIGHTMAP_OFF FOG_EXP2 UNITY_HDR_ON GEOM_TYPE_BRANCH pd= ok=1
Cmd: compileSnippet
  api=4 type=1 insize=393346 outsize=1347 kw=LIGHTMAP_OFF DIRLIGHTMAP_OFF DYNAMICLIGHTMAP_OFF UNITY_HDR_ON LOD_FADE_PERCENTAGE GEOM_TYPE_BRANCH pd= ok=1
Cmd: compileSnippet
  api=4 type=1 insize=393346 outsize=1737 kw=LIGHTMAP_OFF DIRLIGHTMAP_OFF DYNAMICLIGHTMAP_OFF FOG_EXP2 UNITY_HDR_ON LOD_FADE_PERCENTAGE GEOM_TYPE_BRANCH pd= ok=1
Cmd: compileSnippet
  api=4 type=1 insize=393346 outsize=1899 kw=LIGHTMAP_OFF DIRLIGHTMAP_OFF DYNAMICLIGHTMAP_OFF UNITY_HDR_ON LOD_FADE_CROSSFADE GEOM_TYPE_BRANCH pd= ok=1
Cmd: compileSnippet
  api=4 type=1 insize=393346 outsize=2289 kw=LIGHTMAP_OFF DIRLIGHTMAP_OFF DYNAMICLIGHTMAP_OFF FOG_EXP2 UNITY_HDR_ON LOD_FADE_CROSSFADE GEOM_TYPE_BRANCH pd= ok=1
Cmd: compileSnippet
  api=4 type=0 insize=424632 outsize=13534 kw=LIGHTMAP_OFF DIRLIGHTMAP_OFF DYNAMICLIGHTMAP_OFF UNITY_HDR_ON GEOM_TYPE_BRANCH pd= ok=1
Cmd: compileSnippet
  api=4 type=0 insize=424632 outsize=13656 kw=LIGHTMAP_OFF DIRLIGHTMAP_OFF DYNAMICLIGHTMAP_OFF UNITY_HDR_ON LOD_FADE_PERCENTAGE GEOM_TYPE_BRANCH pd= ok=1
Cmd: compileSnippet
  api=1 type=0 insize=424632 outsize=4473 kw=LIGHTMAP_OFF DIRLIGHTMAP_OFF DYNAMICLIGHTMAP_OFF UNITY_HDR_ON LOD_FADE_CROSSFADE GEOM_TYPE_BRANCH pd= ok=1
Cmd: compileSnippet
  api=4 type=1 insize=424632 outsize=1997 kw=LIGHTMAP_OFF DIRLIGHTMAP_OFF DYNAMICLIGHTMAP_OFF UNITY_HDR_ON GEOM_TYPE_BRANCH pd= ok=1
Cmd: compileSnippet
  api=1 type=1 insize=424632 outsize=488 kw=LIGHTMAP_OFF DIRLIGHTMAP_OFF DYNAMICLIGHTMAP_OFF LOD_FADE_PERCENTAGE HDR_LIGHT_PREPASS_OFF GEOM_TYPE_BRANCH pd= ok=1
Cmd: compileSnippet
  api=4 type=1 insize=424632 outsize=1997 kw=LIGHTMAP_OFF DIRLIGHTMAP_OFF DYNAMICLIGHTMAP_OFF UNITY_HDR_ON LOD_FADE_PERCENTAGE GEOM_TYPE_BRANCH pd= ok=1
Cmd: compileSnippet
  api=1 type=0 insize=1274 outsize=4426 kw=SHADOWS_DEPTH LOD_FADE_PERCENTAGE GEOM_TYPE_BRANCH pd= ok=1
Cmd: compileSnippet
  api=4 type=0 insize=1274 outsize=14339 kw=SHADOWS_DEPTH LOD_FADE_CROSSFADE GEOM_TYPE_BRANCH pd= ok=1
Cmd: compileSnippet
  api=1 type=1 insize=1274 outsize=95 kw=SHADOWS_CUBE GEOM_TYPE_BRANCH pd= ok=1
Cmd: compileSnippet
  api=1 type=1 insize=1274 outsize=95 kw=SHADOWS_CUBE LOD_FADE_PERCENTAGE GEOM_TYPE_BRANCH pd= ok=1
Cmd: compileSnippet
  api=1 type=1 insize=1274 outsize=276 kw=SHADOWS_DEPTH LOD_FADE_CROSSFADE GEOM_TYPE_BRANCH pd= ok=1
Cmd: compileSnippet
  api=4 type=0 insize=1222 outsize=13900 kw=FOG_EXP2 GEOM_TYPE_BRANCH pd= ok=1
Cmd: compileSnippet
  api=1 type=0 insize=1222 outsize=5293 kw=LOD_FADE_PERCENTAGE GEOM_TYPE_BRANCH pd= ok=1
Cmd: compileSnippet
  api=1 type=0 insize=1222 outsize=5449 kw=LOD_FADE_CROSSFADE GEOM_TYPE_BRANCH pd= ok=1
Cmd: compileSnippet
  api=4 type=1 insize=1222 outsize=859 kw=GEOM_TYPE_BRANCH pd= ok=1
Cmd: compileSnippet
  api=4 type=1 insize=1222 outsize=859 kw=LOD_FADE_PERCENTAGE GEOM_TYPE_BRANCH pd= ok=1
Cmd: compileSnippet
  api=4 type=1 insize=1222 outsize=1802 kw=FOG_EXP2 LOD_FADE_CROSSFADE GEOM_TYPE_BRANCH pd= ok=1
Cmd: compileSnippet
  api=1 type=0 insize=71117 outsize=762 kw=DIRECTIONAL SHADOWS_SCREEN LIGHTMAP_OFF DIRLIGHTMAP_OFF DYNAMICLIGHTMAP_OFF GEOM_TYPE_BRANCH pd= ok=1
Cmd: compileSnippet
  api=8 type=0 insize=71117 outsize=7881 kw=DIRECTIONAL SHADOWS_OFF LIGHTMAP_OFF DIRLIGHTMAP_OFF DYNAMICLIGHTMAP_OFF VERTEXLIGHT_ON GEOM_TYPE_BRANCH pd=UNITY_NO_SCREENSPACE_SHADOWS UNITY_NO_LINEAR_COLORSPACE ok=1
Cmd: compileSnippet
  api=4 type=0 insize=71117 outsize=5637 kw=DIRECTIONAL SHADOWS_OFF LIGHTMAP_OFF DIRLIGHTMAP_OFF DYNAMICLIGHTMAP_OFF FOG_EXP2 VERTEXLIGHT_ON GEOM_TYPE_BRANCH pd= ok=1
Cmd: compileSnippet
  api=8 type=0 insize=71117 outsize=6996 kw=DIRECTIONAL SHADOWS_SCREEN SHADOWS_NATIVE LIGHTMAP_OFF DIRLIGHTMAP_OFF DYNAMICLIGHTMAP_OFF FOG_EXP2 GEOM_TYPE_BRANCH pd=UNITY_NO_SCREENSPACE_SHADOWS UNITY_NO_LINEAR_COLORSPACE ok=1
Cmd: compileSnippet
  api=8 type=0 insize=71117 outsize=5826 kw=DIRECTIONAL SHADOWS_OFF LIGHTMAP_OFF DIRLIGHTMAP_OFF DYNAMICLIGHTMAP_OFF LOD_FADE_PERCENTAGE GEOM_TYPE_BRANCH pd=UNITY_NO_SCREENSPACE_SHADOWS UNITY_NO_LINEAR_COLORSPACE ok=1
Cmd: compileSnippet
  api=4 type=0 insize=71117 outsize=5938 kw=DIRECTIONAL SHADOWS_SCREEN LIGHTMAP_OFF DIRLIGHTMAP_OFF DYNAMICLIGHTMAP_OFF VERTEXLIGHT_ON LOD_FADE_PERCENTAGE GEOM_TYPE_BRANCH pd= ok=1
Cmd: compileSnippet
  api=4 type=0 insize=71117 outsize=4759 kw=DIRECTIONAL SHADOWS_SCREEN LIGHTMAP_OFF DIRLIGHTMAP_OFF DYNAMICLIGHTMAP_OFF FOG_EXP2 LOD_FADE_PERCENTAGE GEOM_TYPE_BRANCH pd= ok=1
Cmd: compileSnippet
  api=1 type=1 insize=71117 outsize=283 kw=DIRECTIONAL SHADOWS_OFF LIGHTMAP_OFF DIRLIGHTMAP_OFF DYNAMICLIGHTMAP_OFF GEOM_TYPE_BRANCH pd= ok=1
Cmd: compileSnippet
  api=4 type=1 insize=71117 outsize=1696 kw=DIRECTIONAL SHADOWS_SCREEN LIGHTMAP_OFF DIRLIGHTMAP_OFF DYNAMICLIGHTMAP_OFF GEOM_TYPE_BRANCH pd= ok=1
Cmd: compileSnippet
  api=8 type=1 insize=71117 outsize=2405 kw=DIRECTIONAL SHADOWS_OFF LIGHTMAP_OFF DIRLIGHTMAP_OFF DYNAMICLIGHTMAP_OFF FOG_EXP2 GEOM_TYPE_BRANCH pd=UNITY_NO_SCREENSPACE_SHADOWS UNITY_NO_LINEAR_COLORSPACE ok=1
Cmd: compileSnippet
  api=4 type=1 insize=71117 outsize=1379 kw=DIRECTIONAL SHADOWS_OFF LIGHTMAP_OFF DIRLIGHTMAP_OFF DYNAMICLIGHTMAP_OFF LOD_FADE_PERCENTAGE GEOM_TYPE_BRANCH pd= ok=1
Cmd: compileSnippet
  api=4 type=1 insize=71117 outsize=1680 kw=DIRECTIONAL SHADOWS_OFF LIGHTMAP_OFF DIRLIGHTMAP_OFF DYNAMICLIGHTMAP_OFF FOG_EXP2 LOD_FADE_PERCENTAGE GEOM_TYPE_BRANCH pd= ok=1
Cmd: compileSnippet
  api=4 type=1 insize=71117 outsize=1997 kw=DIRECTIONAL SHADOWS_SCREEN LIGHTMAP_OFF DIRLIGHTMAP_OFF DYNAMICLIGHTMAP_OFF FOG_EXP2 LOD_FADE_PERCENTAGE GEOM_TYPE_BRANCH pd= ok=1
Cmd: compileSnippet
  api=4 type=0 insize=41386 outsize=2956 kw=POINT GEOM_TYPE_BRANCH pd= ok=1
Cmd: compileSnippet
  api=4 type=0 insize=41386 outsize=2956 kw=SPOT GEOM_TYPE_BRANCH pd= ok=1
Cmd: compileSnippet
  api=1 type=0 insize=41386 outsize=413 kw=POINT_COOKIE GEOM_TYPE_BRANCH pd= ok=1
Cmd: compileSnippet
  api=1 type=0 insize=41386 outsize=413 kw=DIRECTIONAL_COOKIE GEOM_TYPE_BRANCH pd= ok=1
Cmd: compileSnippet
  api=1 type=0 insize=41386 outsize=488 kw=POINT FOG_EXP2 GEOM_TYPE_BRANCH pd= ok=1
Cmd: compileSnippet
  api=1 type=0 insize=41386 outsize=488 kw=DIRECTIONAL FOG_EXP2 GEOM_TYPE_BRANCH pd= ok=1
Cmd: compileSnippet
  api=1 type=0 insize=41386 outsize=488 kw=SPOT FOG_EXP2 GEOM_TYPE_BRANCH pd= ok=1
Cmd: compileSnippet
  api=1 type=0 insize=41386 outsize=488 kw=POINT_COOKIE FOG_EXP2 GEOM_TYPE_BRANCH pd= ok=1
Cmd: compileSnippet
  api=4 type=0 insize=41386 outsize=3273 kw=DIRECTIONAL_COOKIE FOG_EXP2 GEOM_TYPE_BRANCH pd= ok=1
Cmd: compileSnippet
  api=8 type=0 insize=41386 outsize=4534 kw=POINT LOD_FADE_PERCENTAGE GEOM_TYPE_BRANCH pd=UNITY_NO_SCREENSPACE_SHADOWS UNITY_NO_LINEAR_COLORSPACE ok=1
Cmd: compileSnippet
  api=8 type=0 insize=41386 outsize=4534 kw=SPOT LOD_FADE_PERCENTAGE GEOM_TYPE_BRANCH pd=UNITY_NO_SCREENSPACE_SHADOWS UNITY_NO_LINEAR_COLORSPACE ok=1
Cmd: compileSnippet
  api=8 type=0 insize=41386 outsize=4534 kw=DIRECTIONAL_COOKIE LOD_FADE_PERCENTAGE GEOM_TYPE_BRANCH pd=UNITY_NO_SCREENSPACE_SHADOWS UNITY_NO_LINEAR_COLORSPACE ok=1
Cmd: compileSnippet
  api=4 type=0 insize=41386 outsize=3443 kw=DIRECTIONAL FOG_EXP2 LOD_FADE_PERCENTAGE GEOM_TYPE_BRANCH pd= ok=1
Cmd: compileSnippet
  api=4 type=0 insize=41386 outsize=3443 kw=SPOT FOG_EXP2 LOD_FADE_PERCENTAGE GEOM_TYPE_BRANCH pd= ok=1
Cmd: compileSnippet
  api=1 type=0 insize=41386 outsize=592 kw=DIRECTIONAL_COOKIE FOG_EXP2 LOD_FADE_PERCENTAGE GEOM_TYPE_BRANCH pd= ok=1
Cmd: compileSnippet
  api=8 type=0 insize=41386 outsize=4964 kw=DIRECTIONAL_COOKIE FOG_EXP2 LOD_FADE_PERCENTAGE GEOM_TYPE_BRANCH pd=UNITY_NO_SCREENSPACE_SHADOWS UNITY_NO_LINEAR_COLORSPACE ok=1
Cmd: compileSnippet
  api=1 type=1 insize=41386 outsize=243 kw=DIRECTIONAL GEOM_TYPE_BRANCH pd= ok=1
Cmd: compileSnippet
  api=4 type=1 insize=41386 outsize=1233 kw=DIRECTIONAL GEOM_TYPE_BRANCH pd= ok=1
Cmd: compileSnippet
  api=1 type=1 insize=41386 outsize=605 kw=SPOT GEOM_TYPE_BRANCH pd= ok=1
Cmd: compileSnippet
  api=8 type=1 insize=41386 outsize=3193 kw=POINT FOG_EXP2 GEOM_TYPE_BRANCH pd=UNITY_NO_SCREENSPACE_SHADOWS UNITY_NO_LINEAR_COLORSPACE ok=1
Cmd: compileSnippet
  api=4 type=1 insize=41386 outsize=2679 kw=SPOT FOG_EXP2 GEOM_TYPE_BRANCH pd= ok=1
Cmd: compileSnippet
  api=1 type=1 insize=41386 outsize=550 kw=POINT_COOKIE FOG_EXP2 GEOM_TYPE_BRANCH pd= ok=1
Cmd: compileSnippet
  api=8 type=1 insize=41386 outsize=3502 kw=POINT_COOKIE FOG_EXP2 GEOM_TYPE_BRANCH pd=UNITY_NO_SCREENSPACE_SHADOWS UNITY_NO_LINEAR_COLORSPACE ok=1
Cmd: compileSnippet
  api=1 type=1 insize=41386 outsize=448 kw=POINT LOD_FADE_PERCENTAGE GEOM_TYPE_BRANCH pd= ok=1
Cmd: compileSnippet
  api=8 type=1 insize=41386 outsize=2966 kw=POINT LOD_FADE_PERCENTAGE GEOM_TYPE_BRANCH pd=UNITY_NO_SCREENSPACE_SHADOWS UNITY_NO_LINEAR_COLORSPACE ok=1
Cmd: compileSnippet
  api=8 type=1 insize=41386 outsize=3274 kw=POINT_COOKIE LOD_FADE_PERCENTAGE GEOM_TYPE_BRANCH pd=UNITY_NO_SCREENSPACE_SHADOWS UNITY_NO_LINEAR_COLORSPACE ok=1
Cmd: compileSnippet
  api=8 type=1 insize=41386 outsize=3193 kw=POINT FOG_EXP2 LOD_FADE_PERCENTAGE GEOM_TYPE_BRANCH pd=UNITY_NO_SCREENSPACE_SHADOWS UNITY_NO_LINEAR_COLORSPACE ok=1
Cmd: compileSnippet
  api=1 type=1 insize=41386 outsize=550 kw=POINT_COOKIE FOG_EXP2 LOD_FADE_PERCENTAGE GEOM_TYPE_BRANCH pd= ok=1
Cmd: compileSnippet
  api=4 type=1 insize=41386 outsize=1908 kw=DIRECTIONAL_COOKIE FOG_EXP2 LOD_FADE_PERCENTAGE GEOM_TYPE_BRANCH pd= ok=1
Cmd: compileSnippet
  api=8 type=0 insize=35171 outsize=4217 kw=GEOM_TYPE_BRANCH pd=UNITY_NO_SCREENSPACE_SHADOWS UNITY_NO_LINEAR_COLORSPACE ok=1
Cmd: compileSnippet
  api=1 type=1 insize=35171 outsize=106 kw=LOD_FADE_PERCENTAGE GEOM_TYPE_BRANCH pd= ok=1
Cmd: compileSnippet
  api=8 type=1 insize=35171 outsize=1146 kw=LOD_FADE_PERCENTAGE GEOM_TYPE_BRANCH pd=UNITY_NO_SCREENSPACE_SHADOWS UNITY_NO_LINEAR_COLORSPACE ok=1
Cmd: compileSnippet
  api=1 type=0 insize=61074 outsize=761 kw=LIGHTMAP_OFF DIRLIGHTMAP_OFF DYNAMICLIGHTMAP_OFF UNITY_HDR_ON GEOM_TYPE_BRANCH pd= ok=1
Cmd: compileSnippet
  api=4 type=0 insize=61074 outsize=4556 kw=LIGHTMAP_OFF DIRLIGHTMAP_OFF DYNAMICLIGHTMAP_OFF FOG_EXP2 HDR_LIGHT_PREPASS_OFF GEOM_TYPE_BRANCH pd= ok=1
Cmd: compileSnippet
  api=4 type=0 insize=61074 outsize=4556 kw=LIGHTMAP_OFF DIRLIGHTMAP_OFF DYNAMICLIGHTMAP_OFF FOG_EXP2 UNITY_HDR_ON GEOM_TYPE_BRANCH pd= ok=1
Cmd: compileSnippet
  api=1 type=0 insize=61074 outsize=835 kw=LIGHTMAP_OFF DIRLIGHTMAP_OFF DYNAMICLIGHTMAP_OFF LOD_FADE_PERCENTAGE HDR_LIGHT_PREPASS_OFF GEOM_TYPE_BRANCH pd= ok=1
Cmd: compileSnippet
  api=8 type=0 insize=61074 outsize=6476 kw=LIGHTMAP_OFF DIRLIGHTMAP_OFF DYNAMICLIGHTMAP_OFF LOD_FADE_PERCENTAGE HDR_LIGHT_PREPASS_OFF GEOM_TYPE_BRANCH pd=UNITY_NO_SCREENSPACE_SHADOWS UNITY_NO_LINEAR_COLORSPACE ok=1
Cmd: compileSnippet
  api=8 type=0 insize=61074 outsize=6866 kw=LIGHTMAP_OFF DIRLIGHTMAP_OFF DYNAMICLIGHTMAP_OFF FOG_EXP2 LOD_FADE_PERCENTAGE HDR_LIGHT_PREPASS_OFF GEOM_TYPE_BRANCH pd=UNITY_NO_SCREENSPACE_SHADOWS UNITY_NO_LINEAR_COLORSPACE ok=1
Cmd: compileSnippet
  api=8 type=1 insize=61074 outsize=2072 kw=LIGHTMAP_OFF DIRLIGHTMAP_OFF DYNAMICLIGHTMAP_OFF HDR_LIGHT_PREPASS_OFF GEOM_TYPE_BRANCH pd=UNITY_NO_SCREENSPACE_SHADOWS UNITY_NO_LINEAR_COLORSPACE ok=1
Cmd: compileSnippet
  api=1 type=1 insize=61074 outsize=345 kw=LIGHTMAP_OFF DIRLIGHTMAP_OFF DYNAMICLIGHTMAP_OFF FOG_EXP2 HDR_LIGHT_PREPASS_OFF GEOM_TYPE_BRANCH pd= ok=1
Cmd: compileSnippet
  api=8 type=1 insize=61074 outsize=2454 kw=LIGHTMAP_OFF DIRLIGHTMAP_OFF DYNAMICLIGHTMAP_OFF FOG_EXP2 HDR_LIGHT_PREPASS_OFF GEOM_TYPE_BRANCH pd=UNITY_NO_SCREENSPACE_SHADOWS UNITY_NO_LINEAR_COLORSPACE ok=1
Cmd: compileSnippet
  api=8 type=1 insize=61074 outsize=2072 kw=LIGHTMAP_OFF DIRLIGHTMAP_OFF DYNAMICLIGHTMAP_OFF LOD_FADE_PERCENTAGE HDR_LIGHT_PREPASS_OFF GEOM_TYPE_BRANCH pd=UNITY_NO_SCREENSPACE_SHADOWS UNITY_NO_LINEAR_COLORSPACE ok=1
Cmd: compileSnippet
  api=4 type=1 insize=61074 outsize=1656 kw=LIGHTMAP_OFF DIRLIGHTMAP_OFF DYNAMICLIGHTMAP_OFF FOG_EXP2 LOD_FADE_PERCENTAGE HDR_LIGHT_PREPASS_OFF GEOM_TYPE_BRANCH pd= ok=1
Cmd: compileSnippet
  api=8 type=1 insize=61074 outsize=2332 kw=LIGHTMAP_OFF DIRLIGHTMAP_OFF DYNAMICLIGHTMAP_OFF FOG_EXP2 UNITY_HDR_ON LOD_FADE_PERCENTAGE GEOM_TYPE_BRANCH pd=UNITY_NO_SCREENSPACE_SHADOWS UNITY_NO_LINEAR_COLORSPACE ok=1
Cmd: compileSnippet
  api=1 type=0 insize=62838 outsize=649 kw=LIGHTMAP_OFF DIRLIGHTMAP_OFF DYNAMICLIGHTMAP_OFF UNITY_HDR_ON GEOM_TYPE_BRANCH pd= ok=1
Cmd: compileSnippet
  api=8 type=0 insize=62838 outsize=5671 kw=LIGHTMAP_OFF DIRLIGHTMAP_OFF DYNAMICLIGHTMAP_OFF UNITY_HDR_ON GEOM_TYPE_BRANCH pd=UNITY_NO_SCREENSPACE_SHADOWS UNITY_NO_LINEAR_COLORSPACE ok=1
Cmd: compileSnippet
  api=1 type=1 insize=62838 outsize=318 kw=LIGHTMAP_OFF DIRLIGHTMAP_OFF DYNAMICLIGHTMAP_OFF UNITY_HDR_ON GEOM_TYPE_BRANCH pd= ok=1
Cmd: compileSnippet
  api=1 type=1 insize=62838 outsize=375 kw=LIGHTMAP_OFF DIRLIGHTMAP_OFF DYNAMICLIGHTMAP_OFF LOD_FADE_PERCENTAGE HDR_LIGHT_PREPASS_OFF GEOM_TYPE_BRANCH pd= ok=1
Cmd: compileSnippet
  api=1 type=1 insize=62838 outsize=318 kw=LIGHTMAP_OFF DIRLIGHTMAP_OFF DYNAMICLIGHTMAP_OFF UNITY_HDR_ON LOD_FADE_PERCENTAGE GEOM_TYPE_BRANCH pd= ok=1
Cmd: compileSnippet
  api=1 type=0 insize=1078 outsize=172 kw=SHADOWS_CUBE GEOM_TYPE_BRANCH pd= ok=1
Cmd: compileSnippet
  api=4 type=0 insize=1078 outsize=1688 kw=SHADOWS_CUBE GEOM_TYPE_BRANCH pd= ok=1
Cmd: compileSnippet
  api=8 type=0 insize=1078 outsize=2324 kw=SHADOWS_CUBE GEOM_TYPE_BRANCH pd=UNITY_NO_SCREENSPACE_SHADOWS UNITY_NO_LINEAR_COLORSPACE ok=1
Cmd: compileSnippet
  api=1 type=1 insize=1078 outsize=97 kw=SHADOWS_CUBE GEOM_TYPE_BRANCH pd= ok=1
Cmd: compileSnippet
  api=8 type=1 insize=1078 outsize=674 kw=SHADOWS_DEPTH LOD_FADE_PERCENTAGE GEOM_TYPE_BRANCH pd=UNITY_NO_SCREENSPACE_SHADOWS UNITY_NO_LINEAR_COLORSPACE ok=1
Cmd: compileSnippet
  api=1 type=0 insize=1111 outsize=902 kw=FOG_EXP2 GEOM_TYPE_BRANCH pd= ok=1
Cmd: compileSnippet
  api=8 type=0 insize=1111 outsize=5712 kw=FOG_EXP2 GEOM_TYPE_BRANCH pd=UNITY_NO_SCREENSPACE_SHADOWS UNITY_NO_LINEAR_COLORSPACE ok=1
Cmd: compileSnippet
  api=4 type=1 insize=1111 outsize=859 kw=GEOM_TYPE_BRANCH pd= ok=1
Cmd: compileSnippet
  api=4 type=1 insize=1111 outsize=859 kw=LOD_FADE_PERCENTAGE GEOM_TYPE_BRANCH pd= ok=1
Cmd: compileSnippet
  api=8 type=1 insize=1111 outsize=1593 kw=FOG_EXP2 LOD_FADE_PERCENTAGE GEOM_TYPE_BRANCH pd=UNITY_NO_SCREENSPACE_SHADOWS UNITY_NO_LINEAR_COLORSPACE ok=1
Cmd: compileSnippet
  api=1 type=0 insize=4597 outsize=1310 kw=POINT pd= ok=1
Cmd: compileSnippet
  api=8 type=0 insize=4597 outsize=7865 kw=SPOT pd=UNITY_NO_SCREENSPACE_SHADOWS UNITY_NO_LINEAR_COLORSPACE ok=1
Cmd: compileSnippet
  api=8 type=0 insize=4597 outsize=7735 kw=POINT FOG_EXP2 pd=UNITY_NO_SCREENSPACE_SHADOWS UNITY_NO_LINEAR_COLORSPACE ok=1
Cmd: compileSnippet
  api=1 type=1 insize=4597 outsize=172 kw=POINT pd= ok=1
Cmd: compileSnippet
  api=4 type=1 insize=4597 outsize=981 kw=POINT pd= ok=1
Cmd: compileSnippet
  api=8 type=1 insize=4597 outsize=1414 kw=SPOT pd=UNITY_NO_SCREENSPACE_SHADOWS UNITY_NO_LINEAR_COLORSPACE ok=1
Cmd: compileSnippet
  api=8 type=1 insize=4597 outsize=1739 kw=POINT FOG_EXP2 pd=UNITY_NO_SCREENSPACE_SHADOWS UNITY_NO_LINEAR_COLORSPACE ok=1
Cmd: compileSnippet
  api=8 type=0 insize=1807 outsize=2129 kw= pd=UNITY_NO_SCREENSPACE_SHADOWS UNITY_NO_LINEAR_COLORSPACE ok=1
Cmd: compileSnippet
  api=4 type=1 insize=1807 outsize=1144 kw= pd= ok=1
Cmd: compileSnippet
  api=4 type=0 insize=2082 outsize=1648 kw= pd= ok=1
Cmd: compileSnippet
  api=8 type=0 insize=2082 outsize=3339 kw=FOG_EXP2 pd=UNITY_NO_SCREENSPACE_SHADOWS UNITY_NO_LINEAR_COLORSPACE ok=1
Cmd: compileSnippet
  api=1 type=1 insize=2082 outsize=314 kw=FOG_EXP2 pd= ok=1
Cmd: compileSnippet
  api=1 type=0 insize=541 outsize=172 kw=SHADOWS_CUBE pd= ok=1
Cmd: compileSnippet
  api=1 type=1 insize=541 outsize=61 kw=SHADOWS_DEPTH pd= ok=1
Cmd: compileSnippet
  api=1 type=0 insize=6924 outsize=708 kw=DIRECTIONAL SHADOWS_SCREEN LIGHTMAP_OFF DIRLIGHTMAP_OFF DYNAMICLIGHTMAP_OFF pd= ok=1
Cmd: compileSnippet
  api=1 type=0 insize=6924 outsize=1087 kw=DIRECTIONAL SHADOWS_OFF LIGHTMAP_OFF DIRLIGHTMAP_OFF DYNAMICLIGHTMAP_OFF VERTEXLIGHT_ON pd= ok=1
Cmd: compileSnippet
  api=4 type=0 insize=6924 outsize=5507 kw=DIRECTIONAL SHADOWS_SCREEN LIGHTMAP_OFF DIRLIGHTMAP_OFF DYNAMICLIGHTMAP_OFF VERTEXLIGHT_ON pd= ok=1
Cmd: compileSnippet
  api=1 type=0 insize=6924 outsize=655 kw=DIRECTIONAL SHADOWS_OFF LIGHTMAP_OFF DIRLIGHTMAP_OFF DYNAMICLIGHTMAP_OFF FOG_EXP2 pd= ok=1
Cmd: compileSnippet
  api=4 type=0 insize=6924 outsize=3979 kw=DIRECTIONAL SHADOWS_OFF LIGHTMAP_OFF DIRLIGHTMAP_OFF DYNAMICLIGHTMAP_OFF FOG_EXP2 pd= ok=1
Cmd: compileSnippet
  api=1 type=0 insize=6924 outsize=768 kw=DIRECTIONAL SHADOWS_SCREEN LIGHTMAP_OFF DIRLIGHTMAP_OFF DYNAMICLIGHTMAP_OFF FOG_EXP2 pd= ok=1
Cmd: compileSnippet
  api=4 type=0 insize=6924 outsize=4329 kw=DIRECTIONAL SHADOWS_SCREEN LIGHTMAP_OFF DIRLIGHTMAP_OFF DYNAMICLIGHTMAP_OFF FOG_EXP2 pd= ok=1
Cmd: compileSnippet
  api=8 type=0 insize=6924 outsize=8036 kw=DIRECTIONAL SHADOWS_OFF LIGHTMAP_OFF DIRLIGHTMAP_OFF DYNAMICLIGHTMAP_OFF FOG_EXP2 VERTEXLIGHT_ON pd=UNITY_NO_SCREENSPACE_SHADOWS UNITY_NO_LINEAR_COLORSPACE ok=1
Cmd: compileSnippet
  api=8 type=0 insize=6924 outsize=9092 kw=DIRECTIONAL SHADOWS_SCREEN SHADOWS_NATIVE LIGHTMAP_OFF DIRLIGHTMAP_OFF DYNAMICLIGHTMAP_OFF FOG_EXP2 VERTEXLIGHT_ON pd=UNITY_NO_SCREENSPACE_SHADOWS UNITY_NO_LINEAR_COLORSPACE ok=1
Cmd: compileSnippet
  api=1 type=1 insize=6924 outsize=263 kw=DIRECTIONAL SHADOWS_OFF LIGHTMAP_OFF DIRLIGHTMAP_OFF DYNAMICLIGHTMAP_OFF pd= ok=1
Cmd: compileSnippet
  api=4 type=1 insize=6924 outsize=1631 kw=DIRECTIONAL SHADOWS_SCREEN LIGHTMAP_OFF DIRLIGHTMAP_OFF DYNAMICLIGHTMAP_OFF pd= ok=1
Cmd: compileSnippet
  api=8 type=1 insize=6924 outsize=2340 kw=DIRECTIONAL SHADOWS_OFF LIGHTMAP_OFF DIRLIGHTMAP_OFF DYNAMICLIGHTMAP_OFF FOG_EXP2 pd=UNITY_NO_SCREENSPACE_SHADOWS UNITY_NO_LINEAR_COLORSPACE ok=1
Cmd: compileSnippet
  api=1 type=0 insize=3695 outsize=339 kw=DIRECTIONAL pd= ok=1
Cmd: compileSnippet
  api=8 type=0 insize=3695 outsize=3892 kw=SPOT pd=UNITY_NO_SCREENSPACE_SHADOWS UNITY_NO_LINEAR_COLORSPACE ok=1
Cmd: compileSnippet
  api=1 type=0 insize=3695 outsize=414 kw=POINT FOG_EXP2 pd= ok=1
Cmd: compileSnippet
  api=4 type=0 insize=3695 outsize=3069 kw=POINT FOG_EXP2 pd= ok=1
Cmd: compileSnippet
  api=4 type=0 insize=3695 outsize=3069 kw=DIRECTIONAL FOG_EXP2 pd= ok=1
Cmd: compileSnippet
  api=4 type=0 insize=3695 outsize=3069 kw=POINT_COOKIE FOG_EXP2 pd= ok=1
Cmd: compileSnippet
  api=4 type=0 insize=3695 outsize=3069 kw=DIRECTIONAL_COOKIE FOG_EXP2 pd= ok=1
Cmd: compileSnippet
  api=1 type=1 insize=3695 outsize=223 kw=DIRECTIONAL pd= ok=1
Cmd: compileSnippet
  api=4 type=1 insize=3695 outsize=1168 kw=DIRECTIONAL pd= ok=1
Cmd: compileSnippet
  api=4 type=1 insize=3695 outsize=2444 kw=SPOT pd= ok=1
Cmd: compileSnippet
  api=8 type=1 insize=3695 outsize=2511 kw=DIRECTIONAL_COOKIE pd=UNITY_NO_SCREENSPACE_SHADOWS UNITY_NO_LINEAR_COLORSPACE ok=1
Cmd: compileSnippet
  api=8 type=1 insize=3695 outsize=1966 kw=DIRECTIONAL FOG_EXP2 pd=UNITY_NO_SCREENSPACE_SHADOWS UNITY_NO_LINEAR_COLORSPACE ok=1
Cmd: compileSnippet
  api=1 type=1 insize=3695 outsize=530 kw=POINT_COOKIE FOG_EXP2 pd= ok=1
Cmd: compileSnippet
  api=8 type=1 insize=3695 outsize=3413 kw=POINT_COOKIE FOG_EXP2 pd=UNITY_NO_SCREENSPACE_SHADOWS UNITY_NO_LINEAR_COLORSPACE ok=1
Cmd: compileSnippet
  api=1 type=1 insize=2902 outsize=106 kw= pd= ok=1
Cmd: compileSnippet
  api=1 type=0 insize=5962 outsize=707 kw=LIGHTMAP_OFF DIRLIGHTMAP_OFF DYNAMICLIGHTMAP_OFF HDR_LIGHT_PREPASS_OFF pd= ok=1
Cmd: compileSnippet
  api=4 type=0 insize=5962 outsize=4077 kw=LIGHTMAP_OFF DIRLIGHTMAP_OFF DYNAMICLIGHTMAP_OFF UNITY_HDR_ON pd= ok=1
Cmd: compileSnippet
  api=8 type=0 insize=5962 outsize=6216 kw=LIGHTMAP_OFF DIRLIGHTMAP_OFF DYNAMICLIGHTMAP_OFF FOG_EXP2 HDR_LIGHT_PREPASS_OFF pd=UNITY_NO_SCREENSPACE_SHADOWS UNITY_NO_LINEAR_COLORSPACE ok=1
Cmd: compileSnippet
  api=4 type=0 insize=5962 outsize=4353 kw=LIGHTMAP_OFF DIRLIGHTMAP_OFF DYNAMICLIGHTMAP_OFF FOG_EXP2 UNITY_HDR_ON pd= ok=1
Cmd: compileSnippet
  api=1 type=1 insize=5962 outsize=212 kw=LIGHTMAP_OFF DIRLIGHTMAP_OFF DYNAMICLIGHTMAP_OFF UNITY_HDR_ON pd= ok=1
Cmd: compileSnippet
  api=4 type=1 insize=5962 outsize=1314 kw=LIGHTMAP_OFF DIRLIGHTMAP_OFF DYNAMICLIGHTMAP_OFF UNITY_HDR_ON pd= ok=1
Cmd: compileSnippet
  api=8 type=1 insize=5962 outsize=2397 kw=LIGHTMAP_OFF DIRLIGHTMAP_OFF DYNAMICLIGHTMAP_OFF FOG_EXP2 HDR_LIGHT_PREPASS_OFF pd=UNITY_NO_SCREENSPACE_SHADOWS UNITY_NO_LINEAR_COLORSPACE ok=1
Cmd: compileSnippet
  api=1 type=0 insize=6026 outsize=595 kw=LIGHTMAP_OFF DIRLIGHTMAP_OFF DYNAMICLIGHTMAP_OFF UNITY_HDR_ON pd= ok=1
Cmd: compileSnippet
  api=8 type=0 insize=6026 outsize=5395 kw=LIGHTMAP_OFF DIRLIGHTMAP_OFF DYNAMICLIGHTMAP_OFF UNITY_HDR_ON pd=UNITY_NO_SCREENSPACE_SHADOWS UNITY_NO_LINEAR_COLORSPACE ok=1
Cmd: compileSnippet
  api=1 type=1 insize=6026 outsize=298 kw=LIGHTMAP_OFF DIRLIGHTMAP_OFF DYNAMICLIGHTMAP_OFF UNITY_HDR_ON pd= ok=1
Cmd: compileSnippet
  api=8 type=1 insize=6026 outsize=2234 kw=LIGHTMAP_OFF DIRLIGHTMAP_OFF DYNAMICLIGHTMAP_OFF UNITY_HDR_ON pd=UNITY_NO_SCREENSPACE_SHADOWS UNITY_NO_LINEAR_COLORSPACE ok=1
Cmd: compileSnippet
  api=4 type=0 insize=1275 outsize=1956 kw=DIRECTIONAL SHADOWS_OFF pd= ok=1
Cmd: compileSnippet
  api=4 type=0 insize=1275 outsize=1956 kw=POINT_COOKIE SHADOWS_OFF pd= ok=1
Cmd: compileSnippet
  api=4 type=0 insize=1275 outsize=1956 kw=SPOT SHADOWS_DEPTH SHADOWS_NATIVE pd= ok=1
Cmd: compileSnippet
  api=1 type=0 insize=1275 outsize=441 kw=POINT SHADOWS_CUBE pd= ok=1
Cmd: compileSnippet
  api=1 type=0 insize=1275 outsize=441 kw=POINT_COOKIE SHADOWS_CUBE pd= ok=1
Cmd: compileSnippet
  api=4 type=0 insize=1275 outsize=1956 kw=SPOT SHADOWS_DEPTH SHADOWS_SOFT SHADOWS_NATIVE pd= ok=1
Cmd: compileSnippet
  api=4 type=0 insize=1275 outsize=1956 kw=POINT_COOKIE SHADOWS_CUBE SHADOWS_SOFT pd= ok=1
Cmd: compileSnippet
  api=1 type=1 insize=1275 outsize=1442 kw=POINT SHADOWS_OFF pd= ok=1
Cmd: compileSnippet
  api=4 type=1 insize=1275 outsize=5206 kw=SPOT SHADOWS_OFF pd= ok=1
Cmd: compileSnippet
  api=1 type=1 insize=1275 outsize=1777 kw=SPOT SHADOWS_DEPTH SHADOWS_NATIVE pd= ok=1
Cmd: compileSnippet
  api=1 type=1 insize=1275 outsize=1451 kw=DIRECTIONAL_COOKIE SHADOWS_SCREEN pd= ok=1
Cmd: compileSnippet
  api=1 type=1 insize=1275 outsize=1734 kw=POINT_COOKIE SHADOWS_CUBE pd= ok=1
Cmd: compileSnippet
  api=4 type=1 insize=1275 outsize=6669 kw=SPOT SHADOWS_DEPTH SHADOWS_SOFT SHADOWS_NATIVE pd= ok=1
Cmd: compileSnippet
  api=1 type=1 insize=1275 outsize=2017 kw=POINT_COOKIE SHADOWS_CUBE SHADOWS_SOFT pd= ok=1
Cmd: compileSnippet
  api=1 type=0 insize=1268 outsize=441 kw=POINT SHADOWS_OFF pd= ok=1
Cmd: compileSnippet
  api=1 type=0 insize=1268 outsize=441 kw=SPOT SHADOWS_OFF pd= ok=1
Cmd: compileSnippet
  api=1 type=0 insize=1268 outsize=441 kw=DIRECTIONAL_COOKIE SHADOWS_OFF pd= ok=1
Cmd: compileSnippet
  api=4 type=0 insize=1268 outsize=1956 kw=SPOT SHADOWS_DEPTH SHADOWS_NATIVE pd= ok=1
Cmd: compileSnippet
  api=4 type=0 insize=1268 outsize=1956 kw=POINT SHADOWS_CUBE pd= ok=1
Cmd: compileSnippet
  api=4 type=0 insize=1268 outsize=1956 kw=SPOT SHADOWS_DEPTH SHADOWS_SOFT SHADOWS_NATIVE pd= ok=1
Cmd: compileSnippet
  api=4 type=1 insize=1268 outsize=4467 kw=POINT SHADOWS_OFF pd= ok=1
Cmd: compileSnippet
  api=4 type=1 insize=1268 outsize=4946 kw=POINT_COOKIE SHADOWS_OFF pd= ok=1
Cmd: compileSnippet
  api=4 type=1 insize=1268 outsize=6011 kw=SPOT SHADOWS_DEPTH SHADOWS_NATIVE pd= ok=1
Cmd: compileSnippet
  api=1 type=1 insize=1268 outsize=1372 kw=DIRECTIONAL_COOKIE SHADOWS_SCREEN pd= ok=1
Cmd: compileSnippet
  api=4 type=1 insize=1268 outsize=5466 kw=POINT_COOKIE SHADOWS_CUBE pd= ok=1
Cmd: compileSnippet
  api=4 type=1 insize=1268 outsize=5759 kw=POINT SHADOWS_CUBE SHADOWS_SOFT pd= ok=1
Cmd: compileSnippet
  api=1 type=0 insize=1273 outsize=441 kw=POINT SHADOWS_OFF pd= ok=1
Cmd: compileSnippet
  api=4 type=0 insize=1273 outsize=1956 kw=SPOT SHADOWS_OFF pd= ok=1
Cmd: compileSnippet
  api=1 type=0 insize=1273 outsize=441 kw=DIRECTIONAL_COOKIE SHADOWS_SCREEN pd= ok=1
Cmd: compileSnippet
  api=1 type=0 insize=1273 outsize=441 kw=POINT_COOKIE SHADOWS_CUBE pd= ok=1
Cmd: compileSnippet
  api=4 type=0 insize=1273 outsize=1956 kw=POINT SHADOWS_CUBE SHADOWS_SOFT pd= ok=1
Cmd: compileSnippet
  api=1 type=1 insize=1273 outsize=1358 kw=POINT SHADOWS_OFF pd= ok=1
Cmd: compileSnippet
  api=1 type=1 insize=1273 outsize=1481 kw=POINT_COOKIE SHADOWS_OFF pd= ok=1
Cmd: compileSnippet
  api=4 type=1 insize=1273 outsize=4483 kw=DIRECTIONAL_COOKIE SHADOWS_OFF pd= ok=1
Cmd: compileSnippet
  api=1 type=1 insize=1273 outsize=1255 kw=DIRECTIONAL SHADOWS_SCREEN pd= ok=1
Cmd: compileSnippet
  api=1 type=1 insize=1273 outsize=1377 kw=DIRECTIONAL_COOKIE SHADOWS_SCREEN pd= ok=1
Cmd: compileSnippet
  api=1 type=1 insize=1273 outsize=1660 kw=POINT_COOKIE SHADOWS_CUBE pd= ok=1
Cmd: compileSnippet
  api=1 type=1 insize=1273 outsize=1967 kw=SPOT SHADOWS_DEPTH SHADOWS_SOFT SHADOWS_NATIVE pd= ok=1
Cmd: compileSnippet
  api=4 type=1 insize=1273 outsize=5759 kw=POINT SHADOWS_CUBE SHADOWS_SOFT pd= ok=1
Cmd: compileSnippet
  api=4 type=0 insize=1934 outsize=1956 kw=POINT SHADOWS_OFF pd= ok=1
Cmd: compileSnippet
  api=1 type=0 insize=1934 outsize=441 kw=POINT_COOKIE SHADOWS_OFF pd= ok=1
Cmd: compileSnippet
  api=4 type=0 insize=1934 outsize=1956 kw=DIRECTIONAL_COOKIE SHADOWS_OFF pd= ok=1
Cmd: compileSnippet
  api=1 type=0 insize=1934 outsize=441 kw=DIRECTIONAL SHADOWS_SCREEN pd= ok=1
Cmd: compileSnippet
  api=4 type=0 insize=1934 outsize=1956 kw=POINT SHADOWS_CUBE pd= ok=1
Cmd: compileSnippet
  api=1 type=0 insize=1934 outsize=441 kw=POINT SHADOWS_CUBE SHADOWS_SOFT pd= ok=1
Cmd: compileSnippet
  api=4 type=0 insize=1934 outsize=1956 kw=POINT_COOKIE SHADOWS_CUBE SHADOWS_SOFT pd= ok=1
Cmd: compileSnippet
  api=4 type=0 insize=1934 outsize=1956 kw=DIRECTIONAL SHADOWS_OFF UNITY_HDR_ON pd= ok=1
Cmd: compileSnippet
  api=1 type=0 insize=1934 outsize=441 kw=DIRECTIONAL_COOKIE SHADOWS_OFF UNITY_HDR_ON pd= ok=1
Cmd: compileSnippet
  api=4 type=0 insize=1934 outsize=1956 kw=SPOT SHADOWS_DEPTH SHADOWS_NATIVE UNITY_HDR_ON pd= ok=1
Cmd: compileSnippet
  api=1 type=0 insize=1934 outsize=441 kw=POINT SHADOWS_CUBE UNITY_HDR_ON pd= ok=1
Cmd: compileSnippet
  api=4 type=0 insize=1934 outsize=1956 kw=POINT_COOKIE SHADOWS_CUBE UNITY_HDR_ON pd= ok=1
Cmd: compileSnippet
  api=4 type=0 insize=1934 outsize=1956 kw=POINT SHADOWS_CUBE SHADOWS_SOFT UNITY_HDR_ON pd= ok=1
Cmd: compileSnippet
  api=1 type=1 insize=1934 outsize=2201 kw=DIRECTIONAL SHADOWS_OFF pd= ok=1
Cmd: compileSnippet
  api=4 type=1 insize=1934 outsize=7319 kw=SPOT SHADOWS_OFF pd= ok=1
Cmd: compileSnippet
  api=1 type=1 insize=1934 outsize=2306 kw=DIRECTIONAL_COOKIE SHADOWS_OFF pd= ok=1
Cmd: compileSnippet
  api=4 type=1 insize=1934 outsize=8538 kw=SPOT SHADOWS_DEPTH SHADOWS_NATIVE pd= ok=1
Cmd: compileSnippet
  api=1 type=1 insize=1934 outsize=2498 kw=POINT SHADOWS_CUBE pd= ok=1
Cmd: compileSnippet
  api=4 type=1 insize=1934 outsize=7091 kw=POINT SHADOWS_CUBE pd= ok=1
Cmd: compileSnippet
  api=4 type=1 insize=1934 outsize=7888 kw=POINT SHADOWS_CUBE SHADOWS_SOFT pd= ok=1
Cmd: compileSnippet
  api=1 type=1 insize=1934 outsize=2250 kw=POINT SHADOWS_OFF UNITY_HDR_ON pd= ok=1
Cmd: compileSnippet
  api=4 type=1 insize=1934 outsize=7270 kw=SPOT SHADOWS_OFF UNITY_HDR_ON pd= ok=1
Cmd: compileSnippet
  api=1 type=1 insize=1934 outsize=2245 kw=DIRECTIONAL_COOKIE SHADOWS_OFF UNITY_HDR_ON pd= ok=1
Cmd: compileSnippet
  api=4 type=1 insize=1934 outsize=8489 kw=SPOT SHADOWS_DEPTH SHADOWS_NATIVE UNITY_HDR_ON pd= ok=1
Cmd: compileSnippet
  api=4 type=1 insize=1934 outsize=7254 kw=DIRECTIONAL_COOKIE SHADOWS_SCREEN UNITY_HDR_ON pd= ok=1
Cmd: compileSnippet
  api=1 type=1 insize=1934 outsize=3048 kw=SPOT SHADOWS_DEPTH SHADOWS_SOFT SHADOWS_NATIVE UNITY_HDR_ON pd= ok=1
Cmd: compileSnippet
  api=1 type=1 insize=1934 outsize=2810 kw=POINT_COOKIE SHADOWS_CUBE SHADOWS_SOFT UNITY_HDR_ON pd= ok=1
Cmd: compileSnippet
  api=4 type=0 insize=683 outsize=1006 kw= pd= ok=1
Cmd: compileSnippet
  api=4 type=1 insize=683 outsize=721 kw= pd= ok=1
Cmd: compileSnippet
  api=4 type=1 insize=3264 outsize=6011 kw= pd= ok=1
Cmd: compileSnippet
  api=1 type=0 insize=823 outsize=244 kw=UNITY_HDR_ON pd= ok=1
Cmd: compileSnippet
  api=4 type=1 insize=823 outsize=616 kw=UNITY_HDR_ON pd= ok=1
Cmd: compileSnippet
  api=8 type=0 insize=1420 outsize=1934 kw= pd=UNITY_NO_SCREENSPACE_SHADOWS UNITY_NO_LINEAR_COLORSPACE ok=1
Cmd: compileSnippet
  api=8 type=0 insize=701 outsize=1519 kw= pd=UNITY_NO_SCREENSPACE_SHADOWS UNITY_NO_LINEAR_COLORSPACE ok=1
Unhandled exception: Readfile from pipe failed. GLE=  .


Quitting shader compiler process
